2016-06-15 11:10:48,262 [  main] yncFactory.java:  89(                 getSyncObject)  INFO  NTTCommonLogger - DocumentIDSyncFactory:UnknownObject: store/oracle.jdbc.driver.T4CConnection
2016-06-15 11:10:48,262 [  main] yncFactory.java:  96(                 getSyncObject)  DEBUG NTTCommonLogger - DocumentIDSyncFactory:store/store_oracle.jdbc.driver.T4CConnection_oracle.jdbc.driver.T4CConnection@122f70c5_1
2016-06-15 11:10:48,278 [  main] yncFactory.java:  96(                 getSyncObject)  DEBUG NTTCommonLogger - DocumentIDSyncFactory:store/store_oracle.jdbc.driver.T4CConnection_oracle.jdbc.driver.T4CConnection@122f70c5_1store_de.ityx.mediatrix.data.Attachment_20160504-OCR_Test-004.tif (20160504-OCR_Test-004.tif) : 2330 byte_1
2016-06-15 11:10:48,278 [  main] yncFactory.java: 114(                 getSyncObject)  DEBUG NTTCommonLogger - 1:main:DocumentIDSyncFactory:Object:store_oracle.jdbc.driver.T4CConnection_oracle.jdbc.driver.T4CConnection@122f70c5_1store_de.ityx.mediatrix.data.Attachment_20160504-OCR_Test-004.tif (20160504-OCR_Test-004.tif) : 2330 byte_1
2016-06-15 11:10:49,247 [  main] yncFactory.java:  89(                 getSyncObject)  INFO  NTTCommonLogger - DocumentIDSyncFactory:UnknownObject: store/oracle.jdbc.driver.T4CConnection
2016-06-15 11:10:49,247 [  main] yncFactory.java:  96(                 getSyncObject)  DEBUG NTTCommonLogger - DocumentIDSyncFactory:store/store_oracle.jdbc.driver.T4CConnection_oracle.jdbc.driver.T4CConnection@122f70c5_1
2016-06-15 11:10:49,247 [  main] yncFactory.java:  96(                 getSyncObject)  DEBUG NTTCommonLogger - DocumentIDSyncFactory:store/store_oracle.jdbc.driver.T4CConnection_oracle.jdbc.driver.T4CConnection@122f70c5_1store_de.ityx.mediatrix.data.Attachment_20160401_INT-JNLP.png (20160401_INT-JNLP.png) : 161004 byte_1
2016-06-15 11:10:49,247 [  main] yncFactory.java: 114(                 getSyncObject)  DEBUG NTTCommonLogger - 1:main:DocumentIDSyncFactory:Object:store_oracle.jdbc.driver.T4CConnection_oracle.jdbc.driver.T4CConnection@122f70c5_1store_de.ityx.mediatrix.data.Attachment_20160401_INT-JNLP.png (20160401_INT-JNLP.png) : 161004 byte_1
2016-06-15 11:10:49,294 [  main] yncFactory.java:  89(                 getSyncObject)  INFO  NTTCommonLogger - DocumentIDSyncFactory:UnknownObject: store/oracle.jdbc.driver.T4CConnection
2016-06-15 11:10:49,294 [  main] yncFactory.java:  96(                 getSyncObject)  DEBUG NTTCommonLogger - DocumentIDSyncFactory:store/store_oracle.jdbc.driver.T4CConnection_oracle.jdbc.driver.T4CConnection@122f70c5_1
2016-06-15 11:10:49,294 [  main] yncFactory.java:  96(                 getSyncObject)  DEBUG NTTCommonLogger - DocumentIDSyncFactory:store/store_oracle.jdbc.driver.T4CConnection_oracle.jdbc.driver.T4CConnection@122f70c5_1de.ityx.mediatrix.data.Question_2874863_3566907_4722402_ITYX20160606143303754-IAE2470E
2016-06-15 11:10:49,294 [  main] yncFactory.java:  96(                 getSyncObject)  DEBUG NTTCommonLogger - DocumentIDSyncFactory:store/store_oracle.jdbc.driver.T4CConnection_oracle.jdbc.driver.T4CConnection@122f70c5_1de.ityx.mediatrix.data.Question_2874863_3566907_4722402_ITYX20160606143303754-IAE2470Estore_java.lang.Boolean_false_1
2016-06-15 11:10:49,294 [  main] yncFactory.java:  96(                 getSyncObject)  DEBUG NTTCommonLogger - DocumentIDSyncFactory:store/store_oracle.jdbc.driver.T4CConnection_oracle.jdbc.driver.T4CConnection@122f70c5_1de.ityx.mediatrix.data.Question_2874863_3566907_4722402_ITYX20160606143303754-IAE2470Estore_java.lang.Boolean_false_1store_java.lang.Long_1465985449294_1
2016-06-15 11:10:49,294 [  main] yncFactory.java: 114(                 getSyncObject)  DEBUG NTTCommonLogger - 1:main:DocumentIDSyncFactory:Object:store_oracle.jdbc.driver.T4CConnection_oracle.jdbc.driver.T4CConnection@122f70c5_1de.ityx.mediatrix.data.Question_2874863_3566907_4722402_ITYX20160606143303754-IAE2470Estore_java.lang.Boolean_false_1store_java.lang.Long_1465985449294_1
2016-06-15 11:10:49,309 [  main] yncFactory.java:  89(                 getSyncObject)  INFO  NTTCommonLogger - DocumentIDSyncFactory:UnknownObject: store/oracle.jdbc.driver.T4CConnection
2016-06-15 11:10:49,309 [  main] yncFactory.java:  96(                 getSyncObject)  DEBUG NTTCommonLogger - DocumentIDSyncFactory:store/store_oracle.jdbc.driver.T4CConnection_oracle.jdbc.driver.T4CConnection@122f70c5_1
2016-06-15 11:10:49,309 [  main] yncFactory.java:  96(                 getSyncObject)  DEBUG NTTCommonLogger - DocumentIDSyncFactory:store/store_oracle.jdbc.driver.T4CConnection_oracle.jdbc.driver.T4CConnection@122f70c5_1de.ityx.mediatrix.data.Question_2874863_3566907_4722402_ITYX20160606143303754-IAE2470E
2016-06-15 11:10:49,309 [  main] yncFactory.java: 114(                 getSyncObject)  DEBUG NTTCommonLogger - 1:main:DocumentIDSyncFactory:Object:store_oracle.jdbc.driver.T4CConnection_oracle.jdbc.driver.T4CConnection@122f70c5_1de.ityx.mediatrix.data.Question_2874863_3566907_4722402_ITYX20160606143303754-IAE2470E
2016-06-15 11:12:34,383 [ead-11] yncFactory.java:  89(                 getSyncObject)  INFO  NTTCommonLogger - DocumentIDSyncFactory:UnknownObject: store/oracle.jdbc.driver.T4CConnection
2016-06-15 11:12:34,383 [ead-11] yncFactory.java:  96(                 getSyncObject)  DEBUG NTTCommonLogger - DocumentIDSyncFactory:store/store_oracle.jdbc.driver.T4CConnection_oracle.jdbc.driver.T4CConnection@3280d3ec_38
2016-06-15 11:12:34,383 [ead-11] yncFactory.java:  96(                 getSyncObject)  DEBUG NTTCommonLogger - DocumentIDSyncFactory:store/store_oracle.jdbc.driver.T4CConnection_oracle.jdbc.driver.T4CConnection@3280d3ec_38store_de.ityx.mediatrix.data.Attachment_20160504-OCR_Test-004.tif (20160504-OCR_Test-004.tif) : 2330 byte_38
2016-06-15 11:12:34,383 [ead-11] yncFactory.java: 114(                 getSyncObject)  DEBUG NTTCommonLogger - 38:Thread-11:DocumentIDSyncFactory:Object:store_oracle.jdbc.driver.T4CConnection_oracle.jdbc.driver.T4CConnection@3280d3ec_38store_de.ityx.mediatrix.data.Attachment_20160504-OCR_Test-004.tif (20160504-OCR_Test-004.tif) : 2330 byte_38
2016-06-15 11:12:35,899 [ead-11] yncFactory.java:  89(                 getSyncObject)  INFO  NTTCommonLogger - DocumentIDSyncFactory:UnknownObject: store/oracle.jdbc.driver.T4CConnection
2016-06-15 11:12:35,899 [ead-11] yncFactory.java:  96(                 getSyncObject)  DEBUG NTTCommonLogger - DocumentIDSyncFactory:store/store_oracle.jdbc.driver.T4CConnection_oracle.jdbc.driver.T4CConnection@3280d3ec_38
2016-06-15 11:12:35,899 [ead-11] yncFactory.java:  96(                 getSyncObject)  DEBUG NTTCommonLogger - DocumentIDSyncFactory:store/store_oracle.jdbc.driver.T4CConnection_oracle.jdbc.driver.T4CConnection@3280d3ec_38store_de.ityx.mediatrix.data.Attachment_20160401_INT-JNLP.png (20160401_INT-JNLP.png) : 161004 byte_38
2016-06-15 11:12:35,899 [ead-11] yncFactory.java: 114(                 getSyncObject)  DEBUG NTTCommonLogger - 38:Thread-11:DocumentIDSyncFactory:Object:store_oracle.jdbc.driver.T4CConnection_oracle.jdbc.driver.T4CConnection@3280d3ec_38store_de.ityx.mediatrix.data.Attachment_20160401_INT-JNLP.png (20160401_INT-JNLP.png) : 161004 byte_38
2016-06-15 11:12:35,930 [ead-11] yncFactory.java:  89(                 getSyncObject)  INFO  NTTCommonLogger - DocumentIDSyncFactory:UnknownObject: store/oracle.jdbc.driver.T4CConnection
2016-06-15 11:12:35,930 [ead-11] yncFactory.java:  96(                 getSyncObject)  DEBUG NTTCommonLogger - DocumentIDSyncFactory:store/store_oracle.jdbc.driver.T4CConnection_oracle.jdbc.driver.T4CConnection@3280d3ec_38
2016-06-15 11:12:35,930 [ead-11] yncFactory.java:  96(                 getSyncObject)  DEBUG NTTCommonLogger - DocumentIDSyncFactory:store/store_oracle.jdbc.driver.T4CConnection_oracle.jdbc.driver.T4CConnection@3280d3ec_38de.ityx.mediatrix.data.Question_2874865_3566909_4722404_ITYX20160606143303754-IAE2470E
2016-06-15 11:12:35,930 [ead-11] yncFactory.java:  96(                 getSyncObject)  DEBUG NTTCommonLogger - DocumentIDSyncFactory:store/store_oracle.jdbc.driver.T4CConnection_oracle.jdbc.driver.T4CConnection@3280d3ec_38de.ityx.mediatrix.data.Question_2874865_3566909_4722404_ITYX20160606143303754-IAE2470Estore_java.lang.Boolean_false_38
2016-06-15 11:12:35,930 [ead-11] yncFactory.java:  96(                 getSyncObject)  DEBUG NTTCommonLogger - DocumentIDSyncFactory:store/store_oracle.jdbc.driver.T4CConnection_oracle.jdbc.driver.T4CConnection@3280d3ec_38de.ityx.mediatrix.data.Question_2874865_3566909_4722404_ITYX20160606143303754-IAE2470Estore_java.lang.Boolean_false_38store_java.lang.Long_1465985555930_38
2016-06-15 11:12:35,930 [ead-11] yncFactory.java: 114(                 getSyncObject)  DEBUG NTTCommonLogger - 38:Thread-11:DocumentIDSyncFactory:Object:store_oracle.jdbc.driver.T4CConnection_oracle.jdbc.driver.T4CConnection@3280d3ec_38de.ityx.mediatrix.data.Question_2874865_3566909_4722404_ITYX20160606143303754-IAE2470Estore_java.lang.Boolean_false_38store_java.lang.Long_1465985555930_38
2016-06-15 11:12:35,930 [ead-11] yncFactory.java:  89(                 getSyncObject)  INFO  NTTCommonLogger - DocumentIDSyncFactory:UnknownObject: store/oracle.jdbc.driver.T4CConnection
2016-06-15 11:12:35,930 [ead-11] yncFactory.java:  96(                 getSyncObject)  DEBUG NTTCommonLogger - DocumentIDSyncFactory:store/store_oracle.jdbc.driver.T4CConnection_oracle.jdbc.driver.T4CConnection@3280d3ec_38
2016-06-15 11:12:35,930 [ead-11] yncFactory.java:  96(                 getSyncObject)  DEBUG NTTCommonLogger - DocumentIDSyncFactory:store/store_oracle.jdbc.driver.T4CConnection_oracle.jdbc.driver.T4CConnection@3280d3ec_38de.ityx.mediatrix.data.Question_2874865_3566909_4722404_ITYX20160606143303754-IAE2470E
2016-06-15 11:12:35,930 [ead-11] yncFactory.java: 114(                 getSyncObject)  DEBUG NTTCommonLogger - 38:Thread-11:DocumentIDSyncFactory:Object:store_oracle.jdbc.driver.T4CConnection_oracle.jdbc.driver.T4CConnection@3280d3ec_38de.ityx.mediatrix.data.Question_2874865_3566909_4722404_ITYX20160606143303754-IAE2470E
2016-06-15 12:14:37,602 [ead-34] yncFactory.java:  89(                 getSyncObject)  INFO  NTTCommonLogger - DocumentIDSyncFactory:UnknownObject: store/oracle.jdbc.driver.T4CConnection
2016-06-15 12:14:37,618 [ead-34] yncFactory.java:  96(                 getSyncObject)  DEBUG NTTCommonLogger - DocumentIDSyncFactory:store/store_oracle.jdbc.driver.T4CConnection_oracle.jdbc.driver.T4CConnection@4c75dcca_94
2016-06-15 12:14:37,618 [ead-34] yncFactory.java:  96(                 getSyncObject)  DEBUG NTTCommonLogger - DocumentIDSyncFactory:store/store_oracle.jdbc.driver.T4CConnection_oracle.jdbc.driver.T4CConnection@4c75dcca_94store_de.ityx.mediatrix.data.Attachment_20160504-OCR_Test-004.tif (20160504-OCR_Test-004.tif) : 2330 byte_94
2016-06-15 12:14:37,618 [ead-34] yncFactory.java: 114(                 getSyncObject)  DEBUG NTTCommonLogger - 94:Thread-34:DocumentIDSyncFactory:Object:store_oracle.jdbc.driver.T4CConnection_oracle.jdbc.driver.T4CConnection@4c75dcca_94store_de.ityx.mediatrix.data.Attachment_20160504-OCR_Test-004.tif (20160504-OCR_Test-004.tif) : 2330 byte_94
2016-06-15 12:14:37,633 [ead-34] yncFactory.java:  89(                 getSyncObject)  INFO  NTTCommonLogger - DocumentIDSyncFactory:UnknownObject: store/oracle.jdbc.driver.T4CConnection
2016-06-15 12:14:37,633 [ead-34] yncFactory.java:  96(                 getSyncObject)  DEBUG NTTCommonLogger - DocumentIDSyncFactory:store/store_oracle.jdbc.driver.T4CConnection_oracle.jdbc.driver.T4CConnection@4c75dcca_94
2016-06-15 12:14:37,633 [ead-34] yncFactory.java:  96(                 getSyncObject)  DEBUG NTTCommonLogger - DocumentIDSyncFactory:store/store_oracle.jdbc.driver.T4CConnection_oracle.jdbc.driver.T4CConnection@4c75dcca_94store_de.ityx.mediatrix.data.Attachment_20160401_INT-JNLP.png (20160401_INT-JNLP.png) : 161004 byte_94
2016-06-15 12:14:37,633 [ead-34] yncFactory.java: 114(                 getSyncObject)  DEBUG NTTCommonLogger - 94:Thread-34:DocumentIDSyncFactory:Object:store_oracle.jdbc.driver.T4CConnection_oracle.jdbc.driver.T4CConnection@4c75dcca_94store_de.ityx.mediatrix.data.Attachment_20160401_INT-JNLP.png (20160401_INT-JNLP.png) : 161004 byte_94
2016-06-15 12:14:37,649 [ead-34] yncFactory.java:  89(                 getSyncObject)  INFO  NTTCommonLogger - DocumentIDSyncFactory:UnknownObject: store/oracle.jdbc.driver.T4CConnection
2016-06-15 12:14:37,649 [ead-34] yncFactory.java:  96(                 getSyncObject)  DEBUG NTTCommonLogger - DocumentIDSyncFactory:store/store_oracle.jdbc.driver.T4CConnection_oracle.jdbc.driver.T4CConnection@4c75dcca_94
2016-06-15 12:14:37,649 [ead-34] yncFactory.java:  96(                 getSyncObject)  DEBUG NTTCommonLogger - DocumentIDSyncFactory:store/store_oracle.jdbc.driver.T4CConnection_oracle.jdbc.driver.T4CConnection@4c75dcca_94de.ityx.mediatrix.data.Question_2874864_3566908_4722403_ITYX20160606143303754-IAE2470E
2016-06-15 12:14:37,649 [ead-34] yncFactory.java:  96(                 getSyncObject)  DEBUG NTTCommonLogger - DocumentIDSyncFactory:store/store_oracle.jdbc.driver.T4CConnection_oracle.jdbc.driver.T4CConnection@4c75dcca_94de.ityx.mediatrix.data.Question_2874864_3566908_4722403_ITYX20160606143303754-IAE2470Estore_java.lang.Boolean_false_94
2016-06-15 12:14:37,649 [ead-34] yncFactory.java:  96(                 getSyncObject)  DEBUG NTTCommonLogger - DocumentIDSyncFactory:store/store_oracle.jdbc.driver.T4CConnection_oracle.jdbc.driver.T4CConnection@4c75dcca_94de.ityx.mediatrix.data.Question_2874864_3566908_4722403_ITYX20160606143303754-IAE2470Estore_java.lang.Boolean_false_94store_java.lang.Long_1465989277649_94
2016-06-15 12:14:37,649 [ead-34] yncFactory.java: 114(                 getSyncObject)  DEBUG NTTCommonLogger - 94:Thread-34:DocumentIDSyncFactory:Object:store_oracle.jdbc.driver.T4CConnection_oracle.jdbc.driver.T4CConnection@4c75dcca_94de.ityx.mediatrix.data.Question_2874864_3566908_4722403_ITYX20160606143303754-IAE2470Estore_java.lang.Boolean_false_94store_java.lang.Long_1465989277649_94
2016-06-15 12:14:37,649 [ead-34] yncFactory.java:  89(                 getSyncObject)  INFO  NTTCommonLogger - DocumentIDSyncFactory:UnknownObject: store/oracle.jdbc.driver.T4CConnection
2016-06-15 12:14:37,649 [ead-34] yncFactory.java:  96(                 getSyncObject)  DEBUG NTTCommonLogger - DocumentIDSyncFactory:store/store_oracle.jdbc.driver.T4CConnection_oracle.jdbc.driver.T4CConnection@4c75dcca_94
2016-06-15 12:14:37,649 [ead-34] yncFactory.java:  96(                 getSyncObject)  DEBUG NTTCommonLogger - DocumentIDSyncFactory:store/store_oracle.jdbc.driver.T4CConnection_oracle.jdbc.driver.T4CConnection@4c75dcca_94de.ityx.mediatrix.data.Question_2874864_3566908_4722403_ITYX20160606143303754-IAE2470E
2016-06-15 12:14:37,649 [ead-34] yncFactory.java: 114(                 getSyncObject)  DEBUG NTTCommonLogger - 94:Thread-34:DocumentIDSyncFactory:Object:store_oracle.jdbc.driver.T4CConnection_oracle.jdbc.driver.T4CConnection@4c75dcca_94de.ityx.mediatrix.data.Question_2874864_3566908_4722403_ITYX20160606143303754-IAE2470E
2016-06-15 12:15:32,873 [ead-36] yncFactory.java:  89(                 getSyncObject)  INFO  NTTCommonLogger - DocumentIDSyncFactory:UnknownObject: store/oracle.jdbc.driver.T4CConnection
2016-06-15 12:15:32,873 [ead-36] yncFactory.java:  96(                 getSyncObject)  DEBUG NTTCommonLogger - DocumentIDSyncFactory:store/store_oracle.jdbc.driver.T4CConnection_oracle.jdbc.driver.T4CConnection@a8457f6_101
2016-06-15 12:15:32,873 [ead-36] yncFactory.java:  96(                 getSyncObject)  DEBUG NTTCommonLogger - DocumentIDSyncFactory:store/store_oracle.jdbc.driver.T4CConnection_oracle.jdbc.driver.T4CConnection@a8457f6_101store_de.ityx.mediatrix.data.Attachment_20160504-OCR_Test-004.tif (20160504-OCR_Test-004.tif) : 2330 byte_101
2016-06-15 12:15:32,873 [ead-36] yncFactory.java: 114(                 getSyncObject)  DEBUG NTTCommonLogger - 101:Thread-36:DocumentIDSyncFactory:Object:store_oracle.jdbc.driver.T4CConnection_oracle.jdbc.driver.T4CConnection@a8457f6_101store_de.ityx.mediatrix.data.Attachment_20160504-OCR_Test-004.tif (20160504-OCR_Test-004.tif) : 2330 byte_101
2016-06-15 12:15:32,873 [ead-36] yncFactory.java:  89(                 getSyncObject)  INFO  NTTCommonLogger - DocumentIDSyncFactory:UnknownObject: store/oracle.jdbc.driver.T4CConnection
2016-06-15 12:15:32,873 [ead-36] yncFactory.java:  96(                 getSyncObject)  DEBUG NTTCommonLogger - DocumentIDSyncFactory:store/store_oracle.jdbc.driver.T4CConnection_oracle.jdbc.driver.T4CConnection@a8457f6_101
2016-06-15 12:15:32,873 [ead-36] yncFactory.java:  96(                 getSyncObject)  DEBUG NTTCommonLogger - DocumentIDSyncFactory:store/store_oracle.jdbc.driver.T4CConnection_oracle.jdbc.driver.T4CConnection@a8457f6_101store_de.ityx.mediatrix.data.Attachment_20160401_INT-JNLP.png (20160401_INT-JNLP.png) : 161004 byte_101
2016-06-15 12:15:32,873 [ead-36] yncFactory.java: 114(                 getSyncObject)  DEBUG NTTCommonLogger - 101:Thread-36:DocumentIDSyncFactory:Object:store_oracle.jdbc.driver.T4CConnection_oracle.jdbc.driver.T4CConnection@a8457f6_101store_de.ityx.mediatrix.data.Attachment_20160401_INT-JNLP.png (20160401_INT-JNLP.png) : 161004 byte_101
2016-06-15 12:15:32,889 [ead-36] yncFactory.java:  89(                 getSyncObject)  INFO  NTTCommonLogger - DocumentIDSyncFactory:UnknownObject: store/oracle.jdbc.driver.T4CConnection
2016-06-15 12:15:32,889 [ead-36] yncFactory.java:  96(                 getSyncObject)  DEBUG NTTCommonLogger - DocumentIDSyncFactory:store/store_oracle.jdbc.driver.T4CConnection_oracle.jdbc.driver.T4CConnection@a8457f6_101
2016-06-15 12:15:32,889 [ead-36] yncFactory.java:  96(                 getSyncObject)  DEBUG NTTCommonLogger - DocumentIDSyncFactory:store/store_oracle.jdbc.driver.T4CConnection_oracle.jdbc.driver.T4CConnection@a8457f6_101de.ityx.mediatrix.data.Question_2874861_3566905_4722400_ITYX20160606143303754-IAE2470E
2016-06-15 12:15:32,889 [ead-36] yncFactory.java:  96(                 getSyncObject)  DEBUG NTTCommonLogger - DocumentIDSyncFactory:store/store_oracle.jdbc.driver.T4CConnection_oracle.jdbc.driver.T4CConnection@a8457f6_101de.ityx.mediatrix.data.Question_2874861_3566905_4722400_ITYX20160606143303754-IAE2470Estore_java.lang.Boolean_false_101
2016-06-15 12:15:32,889 [ead-36] yncFactory.java:  96(                 getSyncObject)  DEBUG NTTCommonLogger - DocumentIDSyncFactory:store/store_oracle.jdbc.driver.T4CConnection_oracle.jdbc.driver.T4CConnection@a8457f6_101de.ityx.mediatrix.data.Question_2874861_3566905_4722400_ITYX20160606143303754-IAE2470Estore_java.lang.Boolean_false_101store_java.lang.Long_1465989332889_101
2016-06-15 12:15:32,889 [ead-36] yncFactory.java: 114(                 getSyncObject)  DEBUG NTTCommonLogger - 101:Thread-36:DocumentIDSyncFactory:Object:store_oracle.jdbc.driver.T4CConnection_oracle.jdbc.driver.T4CConnection@a8457f6_101de.ityx.mediatrix.data.Question_2874861_3566905_4722400_ITYX20160606143303754-IAE2470Estore_java.lang.Boolean_false_101store_java.lang.Long_1465989332889_101
2016-06-15 12:15:32,889 [ead-36] yncFactory.java:  89(                 getSyncObject)  INFO  NTTCommonLogger - DocumentIDSyncFactory:UnknownObject: store/oracle.jdbc.driver.T4CConnection
2016-06-15 12:15:32,889 [ead-36] yncFactory.java:  96(                 getSyncObject)  DEBUG NTTCommonLogger - DocumentIDSyncFactory:store/store_oracle.jdbc.driver.T4CConnection_oracle.jdbc.driver.T4CConnection@a8457f6_101
2016-06-15 12:15:32,889 [ead-36] yncFactory.java:  96(                 getSyncObject)  DEBUG NTTCommonLogger - DocumentIDSyncFactory:store/store_oracle.jdbc.driver.T4CConnection_oracle.jdbc.driver.T4CConnection@a8457f6_101de.ityx.mediatrix.data.Question_2874861_3566905_4722400_ITYX20160606143303754-IAE2470E
2016-06-15 12:15:32,889 [ead-36] yncFactory.java: 114(                 getSyncObject)  DEBUG NTTCommonLogger - 101:Thread-36:DocumentIDSyncFactory:Object:store_oracle.jdbc.driver.T4CConnection_oracle.jdbc.driver.T4CConnection@a8457f6_101de.ityx.mediatrix.data.Question_2874861_3566905_4722400_ITYX20160606143303754-IAE2470E
2016-06-17 09:24:07,576 [read-9] yncFactory.java:  89(                 getSyncObject)  INFO  NTTCommonLogger - DocumentIDSyncFactory:UnknownObject: store/oracle.jdbc.driver.T4CConnection
2016-06-17 09:24:07,576 [read-9] yncFactory.java:  96(                 getSyncObject)  DEBUG NTTCommonLogger - DocumentIDSyncFactory:store/store_oracle.jdbc.driver.T4CConnection_oracle.jdbc.driver.T4CConnection@ae2d801_41
2016-06-17 09:24:07,576 [read-9] yncFactory.java:  96(                 getSyncObject)  DEBUG NTTCommonLogger - DocumentIDSyncFactory:store/store_oracle.jdbc.driver.T4CConnection_oracle.jdbc.driver.T4CConnection@ae2d801_41de.ityx.mediatrix.data.Question_2857846_3548221_4699236_ITYX20151209150819278-I9E1F8BB
2016-06-17 09:24:07,576 [read-9] yncFactory.java:  96(                 getSyncObject)  DEBUG NTTCommonLogger - DocumentIDSyncFactory:store/store_oracle.jdbc.driver.T4CConnection_oracle.jdbc.driver.T4CConnection@ae2d801_41de.ityx.mediatrix.data.Question_2857846_3548221_4699236_ITYX20151209150819278-I9E1F8BBstore_java.lang.Boolean_false_41
2016-06-17 09:24:07,576 [read-9] yncFactory.java:  96(                 getSyncObject)  DEBUG NTTCommonLogger - DocumentIDSyncFactory:store/store_oracle.jdbc.driver.T4CConnection_oracle.jdbc.driver.T4CConnection@ae2d801_41de.ityx.mediatrix.data.Question_2857846_3548221_4699236_ITYX20151209150819278-I9E1F8BBstore_java.lang.Boolean_false_41store_java.lang.Long_1466151847357_41
2016-06-17 09:24:07,576 [read-9] yncFactory.java: 114(                 getSyncObject)  DEBUG NTTCommonLogger - 41:Thread-9:DocumentIDSyncFactory:Object:store_oracle.jdbc.driver.T4CConnection_oracle.jdbc.driver.T4CConnection@ae2d801_41de.ityx.mediatrix.data.Question_2857846_3548221_4699236_ITYX20151209150819278-I9E1F8BBstore_java.lang.Boolean_false_41store_java.lang.Long_1466151847357_41
2016-06-17 09:24:07,576 [read-9] yncFactory.java:  89(                 getSyncObject)  INFO  NTTCommonLogger - DocumentIDSyncFactory:UnknownObject: store/oracle.jdbc.driver.T4CConnection
2016-06-17 09:24:07,592 [read-9] yncFactory.java:  96(                 getSyncObject)  DEBUG NTTCommonLogger - DocumentIDSyncFactory:store/store_oracle.jdbc.driver.T4CConnection_oracle.jdbc.driver.T4CConnection@ae2d801_41
2016-06-17 09:24:07,592 [read-9] yncFactory.java:  96(                 getSyncObject)  DEBUG NTTCommonLogger - DocumentIDSyncFactory:store/store_oracle.jdbc.driver.T4CConnection_oracle.jdbc.driver.T4CConnection@ae2d801_41de.ityx.mediatrix.data.Question_2857846_3548221_4699236_ITYX20151209150819278-I9E1F8BB
2016-06-17 09:24:07,592 [read-9] yncFactory.java: 114(                 getSyncObject)  DEBUG NTTCommonLogger - 41:Thread-9:DocumentIDSyncFactory:Object:store_oracle.jdbc.driver.T4CConnection_oracle.jdbc.driver.T4CConnection@ae2d801_41de.ityx.mediatrix.data.Question_2857846_3548221_4699236_ITYX20151209150819278-I9E1F8BB
2016-06-17 11:01:20,622 [ead-10] yncFactory.java:  89(                 getSyncObject)  INFO  NTTCommonLogger - DocumentIDSyncFactory:UnknownObject: store/oracle.jdbc.driver.T4CConnection
2016-06-17 11:01:20,622 [ead-10] yncFactory.java:  96(                 getSyncObject)  DEBUG NTTCommonLogger - DocumentIDSyncFactory:store/store_oracle.jdbc.driver.T4CConnection_oracle.jdbc.driver.T4CConnection@188c6de0_36
2016-06-17 11:01:20,622 [ead-10] yncFactory.java:  96(                 getSyncObject)  DEBUG NTTCommonLogger - DocumentIDSyncFactory:store/store_oracle.jdbc.driver.T4CConnection_oracle.jdbc.driver.T4CConnection@188c6de0_36de.ityx.mediatrix.data.Question_2857846_3548221_4699236_ITYX20151209150819278-I9E1F8BB
2016-06-17 11:01:20,622 [ead-10] yncFactory.java:  96(                 getSyncObject)  DEBUG NTTCommonLogger - DocumentIDSyncFactory:store/store_oracle.jdbc.driver.T4CConnection_oracle.jdbc.driver.T4CConnection@188c6de0_36de.ityx.mediatrix.data.Question_2857846_3548221_4699236_ITYX20151209150819278-I9E1F8BBstore_java.lang.Boolean_false_36
2016-06-17 11:01:20,622 [ead-10] yncFactory.java:  96(                 getSyncObject)  DEBUG NTTCommonLogger - DocumentIDSyncFactory:store/store_oracle.jdbc.driver.T4CConnection_oracle.jdbc.driver.T4CConnection@188c6de0_36de.ityx.mediatrix.data.Question_2857846_3548221_4699236_ITYX20151209150819278-I9E1F8BBstore_java.lang.Boolean_false_36store_java.lang.Long_1466157680435_36
2016-06-17 11:01:20,638 [ead-10] yncFactory.java: 114(                 getSyncObject)  DEBUG NTTCommonLogger - 36:Thread-10:DocumentIDSyncFactory:Object:store_oracle.jdbc.driver.T4CConnection_oracle.jdbc.driver.T4CConnection@188c6de0_36de.ityx.mediatrix.data.Question_2857846_3548221_4699236_ITYX20151209150819278-I9E1F8BBstore_java.lang.Boolean_false_36store_java.lang.Long_1466157680435_36
2016-06-17 11:01:20,638 [ead-10] yncFactory.java:  89(                 getSyncObject)  INFO  NTTCommonLogger - DocumentIDSyncFactory:UnknownObject: store/oracle.jdbc.driver.T4CConnection
2016-06-17 11:01:20,638 [ead-10] yncFactory.java:  96(                 getSyncObject)  DEBUG NTTCommonLogger - DocumentIDSyncFactory:store/store_oracle.jdbc.driver.T4CConnection_oracle.jdbc.driver.T4CConnection@188c6de0_36
2016-06-17 11:01:20,638 [ead-10] yncFactory.java:  96(                 getSyncObject)  DEBUG NTTCommonLogger - DocumentIDSyncFactory:store/store_oracle.jdbc.driver.T4CConnection_oracle.jdbc.driver.T4CConnection@188c6de0_36de.ityx.mediatrix.data.Question_2857846_3548221_4699236_ITYX20151209150819278-I9E1F8BB
2016-06-17 11:01:20,638 [ead-10] yncFactory.java: 114(                 getSyncObject)  DEBUG NTTCommonLogger - 36:Thread-10:DocumentIDSyncFactory:Object:store_oracle.jdbc.driver.T4CConnection_oracle.jdbc.driver.T4CConnection@188c6de0_36de.ityx.mediatrix.data.Question_2857846_3548221_4699236_ITYX20151209150819278-I9E1F8BB
2016-06-17 11:06:57,489 [ead-13] yncFactory.java:  89(                 getSyncObject)  INFO  NTTCommonLogger - DocumentIDSyncFactory:UnknownObject: store/oracle.jdbc.driver.T4CConnection
2016-06-17 11:06:57,489 [ead-13] yncFactory.java:  96(                 getSyncObject)  DEBUG NTTCommonLogger - DocumentIDSyncFactory:store/store_oracle.jdbc.driver.T4CConnection_oracle.jdbc.driver.T4CConnection@4123530a_39
2016-06-17 11:06:57,489 [ead-13] yncFactory.java:  96(                 getSyncObject)  DEBUG NTTCommonLogger - DocumentIDSyncFactory:store/store_oracle.jdbc.driver.T4CConnection_oracle.jdbc.driver.T4CConnection@4123530a_39de.ityx.mediatrix.data.Question_2857846_3548221_4699236_ITYX20151209150819278-I9E1F8BB
2016-06-17 11:06:57,489 [ead-13] yncFactory.java:  96(                 getSyncObject)  DEBUG NTTCommonLogger - DocumentIDSyncFactory:store/store_oracle.jdbc.driver.T4CConnection_oracle.jdbc.driver.T4CConnection@4123530a_39de.ityx.mediatrix.data.Question_2857846_3548221_4699236_ITYX20151209150819278-I9E1F8BBstore_java.lang.Boolean_false_39
2016-06-17 11:06:57,489 [ead-13] yncFactory.java:  96(                 getSyncObject)  DEBUG NTTCommonLogger - DocumentIDSyncFactory:store/store_oracle.jdbc.driver.T4CConnection_oracle.jdbc.driver.T4CConnection@4123530a_39de.ityx.mediatrix.data.Question_2857846_3548221_4699236_ITYX20151209150819278-I9E1F8BBstore_java.lang.Boolean_false_39store_java.lang.Long_1466158017489_39
2016-06-17 11:06:57,489 [ead-13] yncFactory.java: 114(                 getSyncObject)  DEBUG NTTCommonLogger - 39:Thread-13:DocumentIDSyncFactory:Object:store_oracle.jdbc.driver.T4CConnection_oracle.jdbc.driver.T4CConnection@4123530a_39de.ityx.mediatrix.data.Question_2857846_3548221_4699236_ITYX20151209150819278-I9E1F8BBstore_java.lang.Boolean_false_39store_java.lang.Long_1466158017489_39
2016-06-17 11:06:57,489 [ead-13] yncFactory.java:  89(                 getSyncObject)  INFO  NTTCommonLogger - DocumentIDSyncFactory:UnknownObject: store/oracle.jdbc.driver.T4CConnection
2016-06-17 11:06:57,489 [ead-13] yncFactory.java:  96(                 getSyncObject)  DEBUG NTTCommonLogger - DocumentIDSyncFactory:store/store_oracle.jdbc.driver.T4CConnection_oracle.jdbc.driver.T4CConnection@4123530a_39
2016-06-17 11:06:57,489 [ead-13] yncFactory.java:  96(                 getSyncObject)  DEBUG NTTCommonLogger - DocumentIDSyncFactory:store/store_oracle.jdbc.driver.T4CConnection_oracle.jdbc.driver.T4CConnection@4123530a_39de.ityx.mediatrix.data.Question_2857846_3548221_4699236_ITYX20151209150819278-I9E1F8BB
2016-06-17 11:06:57,489 [ead-13] yncFactory.java: 114(                 getSyncObject)  DEBUG NTTCommonLogger - 39:Thread-13:DocumentIDSyncFactory:Object:store_oracle.jdbc.driver.T4CConnection_oracle.jdbc.driver.T4CConnection@4123530a_39de.ityx.mediatrix.data.Question_2857846_3548221_4699236_ITYX20151209150819278-I9E1F8BB
2016-06-17 11:08:41,540 [ead-14] yncFactory.java:  89(                 getSyncObject)  INFO  NTTCommonLogger - DocumentIDSyncFactory:UnknownObject: store/oracle.jdbc.driver.T4CConnection
2016-06-17 11:08:41,540 [ead-14] yncFactory.java:  96(                 getSyncObject)  DEBUG NTTCommonLogger - DocumentIDSyncFactory:store/store_oracle.jdbc.driver.T4CConnection_oracle.jdbc.driver.T4CConnection@5353f406_40
2016-06-17 11:08:41,540 [ead-14] yncFactory.java:  96(                 getSyncObject)  DEBUG NTTCommonLogger - DocumentIDSyncFactory:store/store_oracle.jdbc.driver.T4CConnection_oracle.jdbc.driver.T4CConnection@5353f406_40de.ityx.mediatrix.data.Question_2873743_3565408_4721177_ITYX20160606093345819-IAE24703
2016-06-17 11:08:41,540 [ead-14] yncFactory.java:  96(                 getSyncObject)  DEBUG NTTCommonLogger - DocumentIDSyncFactory:store/store_oracle.jdbc.driver.T4CConnection_oracle.jdbc.driver.T4CConnection@5353f406_40de.ityx.mediatrix.data.Question_2873743_3565408_4721177_ITYX20160606093345819-IAE24703store_java.lang.Boolean_false_40
2016-06-17 11:08:41,540 [ead-14] yncFactory.java:  96(                 getSyncObject)  DEBUG NTTCommonLogger - DocumentIDSyncFactory:store/store_oracle.jdbc.driver.T4CConnection_oracle.jdbc.driver.T4CConnection@5353f406_40de.ityx.mediatrix.data.Question_2873743_3565408_4721177_ITYX20160606093345819-IAE24703store_java.lang.Boolean_false_40store_java.lang.Long_1466158121540_40
2016-06-17 11:08:41,540 [ead-14] yncFactory.java: 114(                 getSyncObject)  DEBUG NTTCommonLogger - 40:Thread-14:DocumentIDSyncFactory:Object:store_oracle.jdbc.driver.T4CConnection_oracle.jdbc.driver.T4CConnection@5353f406_40de.ityx.mediatrix.data.Question_2873743_3565408_4721177_ITYX20160606093345819-IAE24703store_java.lang.Boolean_false_40store_java.lang.Long_1466158121540_40
2016-06-17 11:08:41,540 [ead-14] yncFactory.java:  89(                 getSyncObject)  INFO  NTTCommonLogger - DocumentIDSyncFactory:UnknownObject: store/oracle.jdbc.driver.T4CConnection
2016-06-17 11:08:41,540 [ead-14] yncFactory.java:  96(                 getSyncObject)  DEBUG NTTCommonLogger - DocumentIDSyncFactory:store/store_oracle.jdbc.driver.T4CConnection_oracle.jdbc.driver.T4CConnection@5353f406_40
2016-06-17 11:08:41,540 [ead-14] yncFactory.java:  96(                 getSyncObject)  DEBUG NTTCommonLogger - DocumentIDSyncFactory:store/store_oracle.jdbc.driver.T4CConnection_oracle.jdbc.driver.T4CConnection@5353f406_40de.ityx.mediatrix.data.Question_2873743_3565408_4721177_ITYX20160606093345819-IAE24703
2016-06-17 11:08:41,540 [ead-14] yncFactory.java: 114(                 getSyncObject)  DEBUG NTTCommonLogger - 40:Thread-14:DocumentIDSyncFactory:Object:store_oracle.jdbc.driver.T4CConnection_oracle.jdbc.driver.T4CConnection@5353f406_40de.ityx.mediatrix.data.Question_2873743_3565408_4721177_ITYX20160606093345819-IAE24703
2016-06-17 11:09:57,343 [ead-16] yncFactory.java:  89(                 getSyncObject)  INFO  NTTCommonLogger - DocumentIDSyncFactory:UnknownObject: store/oracle.jdbc.driver.T4CConnection
2016-06-17 11:09:57,343 [ead-16] yncFactory.java:  96(                 getSyncObject)  DEBUG NTTCommonLogger - DocumentIDSyncFactory:store/store_oracle.jdbc.driver.T4CConnection_oracle.jdbc.driver.T4CConnection@62e525b8_42
2016-06-17 11:09:57,343 [ead-16] yncFactory.java:  96(                 getSyncObject)  DEBUG NTTCommonLogger - DocumentIDSyncFactory:store/store_oracle.jdbc.driver.T4CConnection_oracle.jdbc.driver.T4CConnection@62e525b8_42de.ityx.mediatrix.data.Question_2873743_3565408_4721177_ITYX20160606093345819-IAE24703
2016-06-17 11:09:57,343 [ead-16] yncFactory.java:  96(                 getSyncObject)  DEBUG NTTCommonLogger - DocumentIDSyncFactory:store/store_oracle.jdbc.driver.T4CConnection_oracle.jdbc.driver.T4CConnection@62e525b8_42de.ityx.mediatrix.data.Question_2873743_3565408_4721177_ITYX20160606093345819-IAE24703store_java.lang.Boolean_false_42
2016-06-17 11:09:57,343 [ead-16] yncFactory.java:  96(                 getSyncObject)  DEBUG NTTCommonLogger - DocumentIDSyncFactory:store/store_oracle.jdbc.driver.T4CConnection_oracle.jdbc.driver.T4CConnection@62e525b8_42de.ityx.mediatrix.data.Question_2873743_3565408_4721177_ITYX20160606093345819-IAE24703store_java.lang.Boolean_false_42store_java.lang.Long_1466158197343_42
2016-06-17 11:09:57,343 [ead-16] yncFactory.java: 114(                 getSyncObject)  DEBUG NTTCommonLogger - 42:Thread-16:DocumentIDSyncFactory:Object:store_oracle.jdbc.driver.T4CConnection_oracle.jdbc.driver.T4CConnection@62e525b8_42de.ityx.mediatrix.data.Question_2873743_3565408_4721177_ITYX20160606093345819-IAE24703store_java.lang.Boolean_false_42store_java.lang.Long_1466158197343_42
2016-06-17 11:09:57,343 [ead-16] yncFactory.java:  89(                 getSyncObject)  INFO  NTTCommonLogger - DocumentIDSyncFactory:UnknownObject: store/oracle.jdbc.driver.T4CConnection
2016-06-17 11:09:57,343 [ead-16] yncFactory.java:  96(                 getSyncObject)  DEBUG NTTCommonLogger - DocumentIDSyncFactory:store/store_oracle.jdbc.driver.T4CConnection_oracle.jdbc.driver.T4CConnection@62e525b8_42
2016-06-17 11:09:57,343 [ead-16] yncFactory.java:  96(                 getSyncObject)  DEBUG NTTCommonLogger - DocumentIDSyncFactory:store/store_oracle.jdbc.driver.T4CConnection_oracle.jdbc.driver.T4CConnection@62e525b8_42de.ityx.mediatrix.data.Question_2873743_3565408_4721177_ITYX20160606093345819-IAE24703
2016-06-17 11:09:57,343 [ead-16] yncFactory.java: 114(                 getSyncObject)  DEBUG NTTCommonLogger - 42:Thread-16:DocumentIDSyncFactory:Object:store_oracle.jdbc.driver.T4CConnection_oracle.jdbc.driver.T4CConnection@62e525b8_42de.ityx.mediatrix.data.Question_2873743_3565408_4721177_ITYX20160606093345819-IAE24703
2016-06-17 11:11:14,866 [ead-19] yncFactory.java:  89(                 getSyncObject)  INFO  NTTCommonLogger - DocumentIDSyncFactory:UnknownObject: store/oracle.jdbc.driver.T4CConnection
2016-06-17 11:11:14,866 [ead-19] yncFactory.java:  96(                 getSyncObject)  DEBUG NTTCommonLogger - DocumentIDSyncFactory:store/store_oracle.jdbc.driver.T4CConnection_oracle.jdbc.driver.T4CConnection@33f85887_47
2016-06-17 11:11:14,866 [ead-19] yncFactory.java:  96(                 getSyncObject)  DEBUG NTTCommonLogger - DocumentIDSyncFactory:store/store_oracle.jdbc.driver.T4CConnection_oracle.jdbc.driver.T4CConnection@33f85887_47de.ityx.mediatrix.data.Question_2873743_3565408_4721177_ITYX20160606093345819-IAE24703
2016-06-17 11:11:14,866 [ead-19] yncFactory.java:  96(                 getSyncObject)  DEBUG NTTCommonLogger - DocumentIDSyncFactory:store/store_oracle.jdbc.driver.T4CConnection_oracle.jdbc.driver.T4CConnection@33f85887_47de.ityx.mediatrix.data.Question_2873743_3565408_4721177_ITYX20160606093345819-IAE24703store_java.lang.Boolean_false_47
2016-06-17 11:11:14,866 [ead-19] yncFactory.java:  96(                 getSyncObject)  DEBUG NTTCommonLogger - DocumentIDSyncFactory:store/store_oracle.jdbc.driver.T4CConnection_oracle.jdbc.driver.T4CConnection@33f85887_47de.ityx.mediatrix.data.Question_2873743_3565408_4721177_ITYX20160606093345819-IAE24703store_java.lang.Boolean_false_47store_java.lang.Long_1466158274850_47
2016-06-17 11:11:14,866 [ead-19] yncFactory.java: 114(                 getSyncObject)  DEBUG NTTCommonLogger - 47:Thread-19:DocumentIDSyncFactory:Object:store_oracle.jdbc.driver.T4CConnection_oracle.jdbc.driver.T4CConnection@33f85887_47de.ityx.mediatrix.data.Question_2873743_3565408_4721177_ITYX20160606093345819-IAE24703store_java.lang.Boolean_false_47store_java.lang.Long_1466158274850_47
2016-06-17 11:11:14,866 [ead-19] yncFactory.java:  89(                 getSyncObject)  INFO  NTTCommonLogger - DocumentIDSyncFactory:UnknownObject: store/oracle.jdbc.driver.T4CConnection
2016-06-17 11:11:14,866 [ead-19] yncFactory.java:  96(                 getSyncObject)  DEBUG NTTCommonLogger - DocumentIDSyncFactory:store/store_oracle.jdbc.driver.T4CConnection_oracle.jdbc.driver.T4CConnection@33f85887_47
2016-06-17 11:11:14,866 [ead-19] yncFactory.java:  96(                 getSyncObject)  DEBUG NTTCommonLogger - DocumentIDSyncFactory:store/store_oracle.jdbc.driver.T4CConnection_oracle.jdbc.driver.T4CConnection@33f85887_47de.ityx.mediatrix.data.Question_2873743_3565408_4721177_ITYX20160606093345819-IAE24703
2016-06-17 11:11:14,866 [ead-19] yncFactory.java: 114(                 getSyncObject)  DEBUG NTTCommonLogger - 47:Thread-19:DocumentIDSyncFactory:Object:store_oracle.jdbc.driver.T4CConnection_oracle.jdbc.driver.T4CConnection@33f85887_47de.ityx.mediatrix.data.Question_2873743_3565408_4721177_ITYX20160606093345819-IAE24703
2016-06-17 11:15:06,323 [ead-22] yncFactory.java:  89(                 getSyncObject)  INFO  NTTCommonLogger - DocumentIDSyncFactory:UnknownObject: store/oracle.jdbc.driver.T4CConnection
2016-06-17 11:15:06,323 [ead-22] yncFactory.java:  96(                 getSyncObject)  DEBUG NTTCommonLogger - DocumentIDSyncFactory:store/store_oracle.jdbc.driver.T4CConnection_oracle.jdbc.driver.T4CConnection@45f5bf8_50
2016-06-17 11:15:06,323 [ead-22] yncFactory.java:  96(                 getSyncObject)  DEBUG NTTCommonLogger - DocumentIDSyncFactory:store/store_oracle.jdbc.driver.T4CConnection_oracle.jdbc.driver.T4CConnection@45f5bf8_50de.ityx.mediatrix.data.Question_2873743_3565408_4721177_ITYX20160606093345819-IAE24703
2016-06-17 11:15:06,323 [ead-22] yncFactory.java:  96(                 getSyncObject)  DEBUG NTTCommonLogger - DocumentIDSyncFactory:store/store_oracle.jdbc.driver.T4CConnection_oracle.jdbc.driver.T4CConnection@45f5bf8_50de.ityx.mediatrix.data.Question_2873743_3565408_4721177_ITYX20160606093345819-IAE24703store_java.lang.Boolean_false_50
2016-06-17 11:15:06,323 [ead-22] yncFactory.java:  96(                 getSyncObject)  DEBUG NTTCommonLogger - DocumentIDSyncFactory:store/store_oracle.jdbc.driver.T4CConnection_oracle.jdbc.driver.T4CConnection@45f5bf8_50de.ityx.mediatrix.data.Question_2873743_3565408_4721177_ITYX20160606093345819-IAE24703store_java.lang.Boolean_false_50store_java.lang.Long_1466158506323_50
2016-06-17 11:15:06,323 [ead-22] yncFactory.java: 114(                 getSyncObject)  DEBUG NTTCommonLogger - 50:Thread-22:DocumentIDSyncFactory:Object:store_oracle.jdbc.driver.T4CConnection_oracle.jdbc.driver.T4CConnection@45f5bf8_50de.ityx.mediatrix.data.Question_2873743_3565408_4721177_ITYX20160606093345819-IAE24703store_java.lang.Boolean_false_50store_java.lang.Long_1466158506323_50
2016-06-17 11:15:06,323 [ead-22] yncFactory.java:  89(                 getSyncObject)  INFO  NTTCommonLogger - DocumentIDSyncFactory:UnknownObject: store/oracle.jdbc.driver.T4CConnection
2016-06-17 11:15:06,323 [ead-22] yncFactory.java:  96(                 getSyncObject)  DEBUG NTTCommonLogger - DocumentIDSyncFactory:store/store_oracle.jdbc.driver.T4CConnection_oracle.jdbc.driver.T4CConnection@45f5bf8_50
2016-06-17 11:15:06,323 [ead-22] yncFactory.java:  96(                 getSyncObject)  DEBUG NTTCommonLogger - DocumentIDSyncFactory:store/store_oracle.jdbc.driver.T4CConnection_oracle.jdbc.driver.T4CConnection@45f5bf8_50de.ityx.mediatrix.data.Question_2873743_3565408_4721177_ITYX20160606093345819-IAE24703
2016-06-17 11:15:06,323 [ead-22] yncFactory.java: 114(                 getSyncObject)  DEBUG NTTCommonLogger - 50:Thread-22:DocumentIDSyncFactory:Object:store_oracle.jdbc.driver.T4CConnection_oracle.jdbc.driver.T4CConnection@45f5bf8_50de.ityx.mediatrix.data.Question_2873743_3565408_4721177_ITYX20160606093345819-IAE24703
2016-06-17 11:16:30,773 [ead-24] yncFactory.java:  89(                 getSyncObject)  INFO  NTTCommonLogger - DocumentIDSyncFactory:UnknownObject: store/oracle.jdbc.driver.T4CConnection
2016-06-17 11:16:30,773 [ead-24] yncFactory.java:  96(                 getSyncObject)  DEBUG NTTCommonLogger - DocumentIDSyncFactory:store/store_oracle.jdbc.driver.T4CConnection_oracle.jdbc.driver.T4CConnection@5431939f_52
2016-06-17 11:16:30,773 [ead-24] yncFactory.java:  96(                 getSyncObject)  DEBUG NTTCommonLogger - DocumentIDSyncFactory:store/store_oracle.jdbc.driver.T4CConnection_oracle.jdbc.driver.T4CConnection@5431939f_52de.ityx.mediatrix.data.Question_2873743_3565408_4721177_ITYX20160606093345819-IAE24703
2016-06-17 11:16:30,773 [ead-24] yncFactory.java:  96(                 getSyncObject)  DEBUG NTTCommonLogger - DocumentIDSyncFactory:store/store_oracle.jdbc.driver.T4CConnection_oracle.jdbc.driver.T4CConnection@5431939f_52de.ityx.mediatrix.data.Question_2873743_3565408_4721177_ITYX20160606093345819-IAE24703store_java.lang.Boolean_false_52
2016-06-17 11:16:30,773 [ead-24] yncFactory.java:  96(                 getSyncObject)  DEBUG NTTCommonLogger - DocumentIDSyncFactory:store/store_oracle.jdbc.driver.T4CConnection_oracle.jdbc.driver.T4CConnection@5431939f_52de.ityx.mediatrix.data.Question_2873743_3565408_4721177_ITYX20160606093345819-IAE24703store_java.lang.Boolean_false_52store_java.lang.Long_1466158590773_52
2016-06-17 11:16:30,773 [ead-24] yncFactory.java: 114(                 getSyncObject)  DEBUG NTTCommonLogger - 52:Thread-24:DocumentIDSyncFactory:Object:store_oracle.jdbc.driver.T4CConnection_oracle.jdbc.driver.T4CConnection@5431939f_52de.ityx.mediatrix.data.Question_2873743_3565408_4721177_ITYX20160606093345819-IAE24703store_java.lang.Boolean_false_52store_java.lang.Long_1466158590773_52
2016-06-17 11:16:30,773 [ead-24] yncFactory.java:  89(                 getSyncObject)  INFO  NTTCommonLogger - DocumentIDSyncFactory:UnknownObject: store/oracle.jdbc.driver.T4CConnection
2016-06-17 11:16:30,773 [ead-24] yncFactory.java:  96(                 getSyncObject)  DEBUG NTTCommonLogger - DocumentIDSyncFactory:store/store_oracle.jdbc.driver.T4CConnection_oracle.jdbc.driver.T4CConnection@5431939f_52
2016-06-17 11:16:30,773 [ead-24] yncFactory.java:  96(                 getSyncObject)  DEBUG NTTCommonLogger - DocumentIDSyncFactory:store/store_oracle.jdbc.driver.T4CConnection_oracle.jdbc.driver.T4CConnection@5431939f_52de.ityx.mediatrix.data.Question_2873743_3565408_4721177_ITYX20160606093345819-IAE24703
2016-06-17 11:16:30,773 [ead-24] yncFactory.java: 114(                 getSyncObject)  DEBUG NTTCommonLogger - 52:Thread-24:DocumentIDSyncFactory:Object:store_oracle.jdbc.driver.T4CConnection_oracle.jdbc.driver.T4CConnection@5431939f_52de.ityx.mediatrix.data.Question_2873743_3565408_4721177_ITYX20160606093345819-IAE24703
2016-06-17 11:47:28,042 [ead-26] yncFactory.java:  89(                 getSyncObject)  INFO  NTTCommonLogger - DocumentIDSyncFactory:UnknownObject: store/oracle.jdbc.driver.T4CConnection
2016-06-17 11:47:28,042 [ead-26] yncFactory.java:  96(                 getSyncObject)  DEBUG NTTCommonLogger - DocumentIDSyncFactory:store/store_oracle.jdbc.driver.T4CConnection_oracle.jdbc.driver.T4CConnection@324ff339_54
2016-06-17 11:47:28,042 [ead-26] yncFactory.java:  96(                 getSyncObject)  DEBUG NTTCommonLogger - DocumentIDSyncFactory:store/store_oracle.jdbc.driver.T4CConnection_oracle.jdbc.driver.T4CConnection@324ff339_54de.ityx.mediatrix.data.Question_2857846_3548221_4699236_ITYX20151209150819278-I9E1F8BB
2016-06-17 11:47:28,042 [ead-26] yncFactory.java:  96(                 getSyncObject)  DEBUG NTTCommonLogger - DocumentIDSyncFactory:store/store_oracle.jdbc.driver.T4CConnection_oracle.jdbc.driver.T4CConnection@324ff339_54de.ityx.mediatrix.data.Question_2857846_3548221_4699236_ITYX20151209150819278-I9E1F8BBstore_java.lang.Boolean_false_54
2016-06-17 11:47:28,042 [ead-26] yncFactory.java:  96(                 getSyncObject)  DEBUG NTTCommonLogger - DocumentIDSyncFactory:store/store_oracle.jdbc.driver.T4CConnection_oracle.jdbc.driver.T4CConnection@324ff339_54de.ityx.mediatrix.data.Question_2857846_3548221_4699236_ITYX20151209150819278-I9E1F8BBstore_java.lang.Boolean_false_54store_java.lang.Long_1466160448042_54
2016-06-17 11:47:28,042 [ead-26] yncFactory.java: 114(                 getSyncObject)  DEBUG NTTCommonLogger - 54:Thread-26:DocumentIDSyncFactory:Object:store_oracle.jdbc.driver.T4CConnection_oracle.jdbc.driver.T4CConnection@324ff339_54de.ityx.mediatrix.data.Question_2857846_3548221_4699236_ITYX20151209150819278-I9E1F8BBstore_java.lang.Boolean_false_54store_java.lang.Long_1466160448042_54
2016-06-17 11:47:28,042 [ead-26] yncFactory.java:  89(                 getSyncObject)  INFO  NTTCommonLogger - DocumentIDSyncFactory:UnknownObject: store/oracle.jdbc.driver.T4CConnection
2016-06-17 11:47:28,042 [ead-26] yncFactory.java:  96(                 getSyncObject)  DEBUG NTTCommonLogger - DocumentIDSyncFactory:store/store_oracle.jdbc.driver.T4CConnection_oracle.jdbc.driver.T4CConnection@324ff339_54
2016-06-17 11:47:28,042 [ead-26] yncFactory.java:  96(                 getSyncObject)  DEBUG NTTCommonLogger - DocumentIDSyncFactory:store/store_oracle.jdbc.driver.T4CConnection_oracle.jdbc.driver.T4CConnection@324ff339_54de.ityx.mediatrix.data.Question_2857846_3548221_4699236_ITYX20151209150819278-I9E1F8BB
2016-06-17 11:47:28,042 [ead-26] yncFactory.java: 114(                 getSyncObject)  DEBUG NTTCommonLogger - 54:Thread-26:DocumentIDSyncFactory:Object:store_oracle.jdbc.driver.T4CConnection_oracle.jdbc.driver.T4CConnection@324ff339_54de.ityx.mediatrix.data.Question_2857846_3548221_4699236_ITYX20151209150819278-I9E1F8BB
2016-06-17 12:11:44,540 [ead-43] yncFactory.java:  89(                 getSyncObject)  INFO  NTTCommonLogger - DocumentIDSyncFactory:UnknownObject: store/oracle.jdbc.driver.T4CConnection
2016-06-17 12:11:44,540 [ead-43] yncFactory.java:  96(                 getSyncObject)  DEBUG NTTCommonLogger - DocumentIDSyncFactory:store/store_oracle.jdbc.driver.T4CConnection_oracle.jdbc.driver.T4CConnection@58bf5935_97
2016-06-17 12:11:44,540 [ead-43] yncFactory.java:  96(                 getSyncObject)  DEBUG NTTCommonLogger - DocumentIDSyncFactory:store/store_oracle.jdbc.driver.T4CConnection_oracle.jdbc.driver.T4CConnection@58bf5935_97de.ityx.mediatrix.data.Question_2874488_3566173_4721927_ITYX20160610092119349-IAE24901
2016-06-17 12:11:44,540 [ead-43] yncFactory.java:  96(                 getSyncObject)  DEBUG NTTCommonLogger - DocumentIDSyncFactory:store/store_oracle.jdbc.driver.T4CConnection_oracle.jdbc.driver.T4CConnection@58bf5935_97de.ityx.mediatrix.data.Question_2874488_3566173_4721927_ITYX20160610092119349-IAE24901store_java.lang.Boolean_false_97
2016-06-17 12:11:44,540 [ead-43] yncFactory.java:  96(                 getSyncObject)  DEBUG NTTCommonLogger - DocumentIDSyncFactory:store/store_oracle.jdbc.driver.T4CConnection_oracle.jdbc.driver.T4CConnection@58bf5935_97de.ityx.mediatrix.data.Question_2874488_3566173_4721927_ITYX20160610092119349-IAE24901store_java.lang.Boolean_false_97store_java.lang.Long_1466161904540_97
2016-06-17 12:11:44,540 [ead-43] yncFactory.java: 114(                 getSyncObject)  DEBUG NTTCommonLogger - 97:Thread-43:DocumentIDSyncFactory:Object:store_oracle.jdbc.driver.T4CConnection_oracle.jdbc.driver.T4CConnection@58bf5935_97de.ityx.mediatrix.data.Question_2874488_3566173_4721927_ITYX20160610092119349-IAE24901store_java.lang.Boolean_false_97store_java.lang.Long_1466161904540_97
2016-06-17 12:11:44,540 [ead-43] yncFactory.java:  89(                 getSyncObject)  INFO  NTTCommonLogger - DocumentIDSyncFactory:UnknownObject: store/oracle.jdbc.driver.T4CConnection
2016-06-17 12:11:44,540 [ead-43] yncFactory.java:  96(                 getSyncObject)  DEBUG NTTCommonLogger - DocumentIDSyncFactory:store/store_oracle.jdbc.driver.T4CConnection_oracle.jdbc.driver.T4CConnection@58bf5935_97
2016-06-17 12:11:44,540 [ead-43] yncFactory.java:  96(                 getSyncObject)  DEBUG NTTCommonLogger - DocumentIDSyncFactory:store/store_oracle.jdbc.driver.T4CConnection_oracle.jdbc.driver.T4CConnection@58bf5935_97de.ityx.mediatrix.data.Question_2874488_3566173_4721927_ITYX20160610092119349-IAE24901
2016-06-17 12:11:44,540 [ead-43] yncFactory.java: 114(                 getSyncObject)  DEBUG NTTCommonLogger - 97:Thread-43:DocumentIDSyncFactory:Object:store_oracle.jdbc.driver.T4CConnection_oracle.jdbc.driver.T4CConnection@58bf5935_97de.ityx.mediatrix.data.Question_2874488_3566173_4721927_ITYX20160610092119349-IAE24901
2016-06-17 12:17:28,117 [ead-44] yncFactory.java:  89(                 getSyncObject)  INFO  NTTCommonLogger - DocumentIDSyncFactory:UnknownObject: store/oracle.jdbc.driver.T4CConnection
2016-06-17 12:17:28,117 [ead-44] yncFactory.java:  96(                 getSyncObject)  DEBUG NTTCommonLogger - DocumentIDSyncFactory:store/store_oracle.jdbc.driver.T4CConnection_oracle.jdbc.driver.T4CConnection@2bffd36a_98
2016-06-17 12:17:28,117 [ead-44] yncFactory.java:  96(                 getSyncObject)  DEBUG NTTCommonLogger - DocumentIDSyncFactory:store/store_oracle.jdbc.driver.T4CConnection_oracle.jdbc.driver.T4CConnection@2bffd36a_98de.ityx.mediatrix.data.Question_2874488_3566173_4721927_ITYX20160610092119349-IAE24901
2016-06-17 12:17:28,117 [ead-44] yncFactory.java:  96(                 getSyncObject)  DEBUG NTTCommonLogger - DocumentIDSyncFactory:store/store_oracle.jdbc.driver.T4CConnection_oracle.jdbc.driver.T4CConnection@2bffd36a_98de.ityx.mediatrix.data.Question_2874488_3566173_4721927_ITYX20160610092119349-IAE24901store_java.lang.Boolean_false_98
2016-06-17 12:17:28,117 [ead-44] yncFactory.java:  96(                 getSyncObject)  DEBUG NTTCommonLogger - DocumentIDSyncFactory:store/store_oracle.jdbc.driver.T4CConnection_oracle.jdbc.driver.T4CConnection@2bffd36a_98de.ityx.mediatrix.data.Question_2874488_3566173_4721927_ITYX20160610092119349-IAE24901store_java.lang.Boolean_false_98store_java.lang.Long_1466162248117_98
2016-06-17 12:17:28,117 [ead-44] yncFactory.java: 114(                 getSyncObject)  DEBUG NTTCommonLogger - 98:Thread-44:DocumentIDSyncFactory:Object:store_oracle.jdbc.driver.T4CConnection_oracle.jdbc.driver.T4CConnection@2bffd36a_98de.ityx.mediatrix.data.Question_2874488_3566173_4721927_ITYX20160610092119349-IAE24901store_java.lang.Boolean_false_98store_java.lang.Long_1466162248117_98
2016-06-17 12:17:28,117 [ead-44] yncFactory.java:  89(                 getSyncObject)  INFO  NTTCommonLogger - DocumentIDSyncFactory:UnknownObject: store/oracle.jdbc.driver.T4CConnection
2016-06-17 12:17:28,117 [ead-44] yncFactory.java:  96(                 getSyncObject)  DEBUG NTTCommonLogger - DocumentIDSyncFactory:store/store_oracle.jdbc.driver.T4CConnection_oracle.jdbc.driver.T4CConnection@2bffd36a_98
2016-06-17 12:17:28,117 [ead-44] yncFactory.java:  96(                 getSyncObject)  DEBUG NTTCommonLogger - DocumentIDSyncFactory:store/store_oracle.jdbc.driver.T4CConnection_oracle.jdbc.driver.T4CConnection@2bffd36a_98de.ityx.mediatrix.data.Question_2874488_3566173_4721927_ITYX20160610092119349-IAE24901
2016-06-17 12:17:28,117 [ead-44] yncFactory.java: 114(                 getSyncObject)  DEBUG NTTCommonLogger - 98:Thread-44:DocumentIDSyncFactory:Object:store_oracle.jdbc.driver.T4CConnection_oracle.jdbc.driver.T4CConnection@2bffd36a_98de.ityx.mediatrix.data.Question_2874488_3566173_4721927_ITYX20160610092119349-IAE24901
2016-06-20 10:48:26,478 [read-7] yncFactory.java:  89(                 getSyncObject)  INFO  NTTCommonLogger - DocumentIDSyncFactory:UnknownObject: store/oracle.jdbc.driver.T4CConnection
2016-06-20 10:48:26,478 [read-7] yncFactory.java:  96(                 getSyncObject)  DEBUG NTTCommonLogger - DocumentIDSyncFactory:store/store_oracle.jdbc.driver.T4CConnection_oracle.jdbc.driver.T4CConnection@575fb87_39
2016-06-20 10:48:26,478 [read-7] yncFactory.java:  96(                 getSyncObject)  DEBUG NTTCommonLogger - DocumentIDSyncFactory:store/store_oracle.jdbc.driver.T4CConnection_oracle.jdbc.driver.T4CConnection@575fb87_39de.ityx.mediatrix.data.Question_2874488_3566173_4721927_ITYX20160610092119349-IAE24901
2016-06-20 10:48:26,478 [read-7] yncFactory.java:  96(                 getSyncObject)  DEBUG NTTCommonLogger - DocumentIDSyncFactory:store/store_oracle.jdbc.driver.T4CConnection_oracle.jdbc.driver.T4CConnection@575fb87_39de.ityx.mediatrix.data.Question_2874488_3566173_4721927_ITYX20160610092119349-IAE24901store_java.lang.Boolean_false_39
2016-06-20 10:48:26,478 [read-7] yncFactory.java:  96(                 getSyncObject)  DEBUG NTTCommonLogger - DocumentIDSyncFactory:store/store_oracle.jdbc.driver.T4CConnection_oracle.jdbc.driver.T4CConnection@575fb87_39de.ityx.mediatrix.data.Question_2874488_3566173_4721927_ITYX20160610092119349-IAE24901store_java.lang.Boolean_false_39store_java.lang.Long_1466416106447_39
2016-06-20 10:48:26,478 [read-7] yncFactory.java: 114(                 getSyncObject)  DEBUG NTTCommonLogger - 39:Thread-7:DocumentIDSyncFactory:Object:store_oracle.jdbc.driver.T4CConnection_oracle.jdbc.driver.T4CConnection@575fb87_39de.ityx.mediatrix.data.Question_2874488_3566173_4721927_ITYX20160610092119349-IAE24901store_java.lang.Boolean_false_39store_java.lang.Long_1466416106447_39
2016-06-20 10:48:26,478 [read-7] yncFactory.java:  89(                 getSyncObject)  INFO  NTTCommonLogger - DocumentIDSyncFactory:UnknownObject: store/oracle.jdbc.driver.T4CConnection
2016-06-20 10:48:26,478 [read-7] yncFactory.java:  96(                 getSyncObject)  DEBUG NTTCommonLogger - DocumentIDSyncFactory:store/store_oracle.jdbc.driver.T4CConnection_oracle.jdbc.driver.T4CConnection@575fb87_39
2016-06-20 10:48:26,478 [read-7] yncFactory.java:  96(                 getSyncObject)  DEBUG NTTCommonLogger - DocumentIDSyncFactory:store/store_oracle.jdbc.driver.T4CConnection_oracle.jdbc.driver.T4CConnection@575fb87_39de.ityx.mediatrix.data.Question_2874488_3566173_4721927_ITYX20160610092119349-IAE24901
2016-06-20 10:48:26,478 [read-7] yncFactory.java: 114(                 getSyncObject)  DEBUG NTTCommonLogger - 39:Thread-7:DocumentIDSyncFactory:Object:store_oracle.jdbc.driver.T4CConnection_oracle.jdbc.driver.T4CConnection@575fb87_39de.ityx.mediatrix.data.Question_2874488_3566173_4721927_ITYX20160610092119349-IAE24901
2016-06-20 10:49:24,095 [ead-12] yncFactory.java:  89(                 getSyncObject)  INFO  NTTCommonLogger - DocumentIDSyncFactory:UnknownObject: store/oracle.jdbc.driver.T4CConnection
2016-06-20 10:49:24,095 [ead-12] yncFactory.java:  96(                 getSyncObject)  DEBUG NTTCommonLogger - DocumentIDSyncFactory:store/store_oracle.jdbc.driver.T4CConnection_oracle.jdbc.driver.T4CConnection@51d4d399_53
2016-06-20 10:49:24,095 [ead-12] yncFactory.java:  96(                 getSyncObject)  DEBUG NTTCommonLogger - DocumentIDSyncFactory:store/store_oracle.jdbc.driver.T4CConnection_oracle.jdbc.driver.T4CConnection@51d4d399_53de.ityx.mediatrix.data.Question_2874488_3566173_4721927_ITYX20160610092119349-IAE24901
2016-06-20 10:49:24,095 [ead-12] yncFactory.java:  96(                 getSyncObject)  DEBUG NTTCommonLogger - DocumentIDSyncFactory:store/store_oracle.jdbc.driver.T4CConnection_oracle.jdbc.driver.T4CConnection@51d4d399_53de.ityx.mediatrix.data.Question_2874488_3566173_4721927_ITYX20160610092119349-IAE24901store_java.lang.Boolean_false_53
2016-06-20 10:49:24,095 [ead-12] yncFactory.java:  96(                 getSyncObject)  DEBUG NTTCommonLogger - DocumentIDSyncFactory:store/store_oracle.jdbc.driver.T4CConnection_oracle.jdbc.driver.T4CConnection@51d4d399_53de.ityx.mediatrix.data.Question_2874488_3566173_4721927_ITYX20160610092119349-IAE24901store_java.lang.Boolean_false_53store_java.lang.Long_1466416164095_53
2016-06-20 10:49:24,095 [ead-12] yncFactory.java: 114(                 getSyncObject)  DEBUG NTTCommonLogger - 53:Thread-12:DocumentIDSyncFactory:Object:store_oracle.jdbc.driver.T4CConnection_oracle.jdbc.driver.T4CConnection@51d4d399_53de.ityx.mediatrix.data.Question_2874488_3566173_4721927_ITYX20160610092119349-IAE24901store_java.lang.Boolean_false_53store_java.lang.Long_1466416164095_53
2016-06-20 10:49:24,095 [ead-12] yncFactory.java:  89(                 getSyncObject)  INFO  NTTCommonLogger - DocumentIDSyncFactory:UnknownObject: store/oracle.jdbc.driver.T4CConnection
2016-06-20 10:49:24,095 [ead-12] yncFactory.java:  96(                 getSyncObject)  DEBUG NTTCommonLogger - DocumentIDSyncFactory:store/store_oracle.jdbc.driver.T4CConnection_oracle.jdbc.driver.T4CConnection@51d4d399_53
2016-06-20 10:49:24,095 [ead-12] yncFactory.java:  96(                 getSyncObject)  DEBUG NTTCommonLogger - DocumentIDSyncFactory:store/store_oracle.jdbc.driver.T4CConnection_oracle.jdbc.driver.T4CConnection@51d4d399_53de.ityx.mediatrix.data.Question_2874488_3566173_4721927_ITYX20160610092119349-IAE24901
2016-06-20 10:49:24,095 [ead-12] yncFactory.java: 114(                 getSyncObject)  DEBUG NTTCommonLogger - 53:Thread-12:DocumentIDSyncFactory:Object:store_oracle.jdbc.driver.T4CConnection_oracle.jdbc.driver.T4CConnection@51d4d399_53de.ityx.mediatrix.data.Question_2874488_3566173_4721927_ITYX20160610092119349-IAE24901
2016-06-20 10:50:21,536 [ead-14] yncFactory.java:  89(                 getSyncObject)  INFO  NTTCommonLogger - DocumentIDSyncFactory:UnknownObject: store/oracle.jdbc.driver.T4CConnection
2016-06-20 10:50:21,536 [ead-14] yncFactory.java:  96(                 getSyncObject)  DEBUG NTTCommonLogger - DocumentIDSyncFactory:store/store_oracle.jdbc.driver.T4CConnection_oracle.jdbc.driver.T4CConnection@15cda39c_59
2016-06-20 10:50:21,536 [ead-14] yncFactory.java:  96(                 getSyncObject)  DEBUG NTTCommonLogger - DocumentIDSyncFactory:store/store_oracle.jdbc.driver.T4CConnection_oracle.jdbc.driver.T4CConnection@15cda39c_59de.ityx.mediatrix.data.Question_2874488_3566173_4721927_ITYX20160610092119349-IAE24901
2016-06-20 10:50:21,536 [ead-14] yncFactory.java:  96(                 getSyncObject)  DEBUG NTTCommonLogger - DocumentIDSyncFactory:store/store_oracle.jdbc.driver.T4CConnection_oracle.jdbc.driver.T4CConnection@15cda39c_59de.ityx.mediatrix.data.Question_2874488_3566173_4721927_ITYX20160610092119349-IAE24901store_java.lang.Boolean_false_59
2016-06-20 10:50:21,536 [ead-14] yncFactory.java:  96(                 getSyncObject)  DEBUG NTTCommonLogger - DocumentIDSyncFactory:store/store_oracle.jdbc.driver.T4CConnection_oracle.jdbc.driver.T4CConnection@15cda39c_59de.ityx.mediatrix.data.Question_2874488_3566173_4721927_ITYX20160610092119349-IAE24901store_java.lang.Boolean_false_59store_java.lang.Long_1466416221536_59
2016-06-20 10:50:21,536 [ead-14] yncFactory.java: 114(                 getSyncObject)  DEBUG NTTCommonLogger - 59:Thread-14:DocumentIDSyncFactory:Object:store_oracle.jdbc.driver.T4CConnection_oracle.jdbc.driver.T4CConnection@15cda39c_59de.ityx.mediatrix.data.Question_2874488_3566173_4721927_ITYX20160610092119349-IAE24901store_java.lang.Boolean_false_59store_java.lang.Long_1466416221536_59
2016-06-20 10:50:21,536 [ead-14] yncFactory.java:  89(                 getSyncObject)  INFO  NTTCommonLogger - DocumentIDSyncFactory:UnknownObject: store/oracle.jdbc.driver.T4CConnection
2016-06-20 10:50:21,536 [ead-14] yncFactory.java:  96(                 getSyncObject)  DEBUG NTTCommonLogger - DocumentIDSyncFactory:store/store_oracle.jdbc.driver.T4CConnection_oracle.jdbc.driver.T4CConnection@15cda39c_59
2016-06-20 10:50:21,536 [ead-14] yncFactory.java:  96(                 getSyncObject)  DEBUG NTTCommonLogger - DocumentIDSyncFactory:store/store_oracle.jdbc.driver.T4CConnection_oracle.jdbc.driver.T4CConnection@15cda39c_59de.ityx.mediatrix.data.Question_2874488_3566173_4721927_ITYX20160610092119349-IAE24901
2016-06-20 10:50:21,536 [ead-14] yncFactory.java: 114(                 getSyncObject)  DEBUG NTTCommonLogger - 59:Thread-14:DocumentIDSyncFactory:Object:store_oracle.jdbc.driver.T4CConnection_oracle.jdbc.driver.T4CConnection@15cda39c_59de.ityx.mediatrix.data.Question_2874488_3566173_4721927_ITYX20160610092119349-IAE24901
2016-06-20 12:34:22,616 [read-5] veMetaData.java: 286(               collectMetadata)  INFO  NTTCommonLogger - MDAMD.QStore1 Generated docid:ITYX20160610092119349-IAE24901-0001-0001-0001-0001-0001-0001-0001-0001-0001-0001-0001-0001-0001-0001-0001-0001-0001-0001-0001-0001-0001-0001-0001-0001-0001-0001-0001-0001-0001-0001-0001 frage:2874488
2016-06-20 12:34:22,632 [read-5] yncFactory.java:  89(                 getSyncObject)  INFO  NTTCommonLogger - DocumentIDSyncFactory:UnknownObject: store/oracle.jdbc.driver.T4CConnection
2016-06-20 12:34:22,632 [read-5] yncFactory.java:  96(                 getSyncObject)  DEBUG NTTCommonLogger - DocumentIDSyncFactory:store/store_oracle.jdbc.driver.T4CConnection_oracle.jdbc.driver.T4CConnection@5dbb107e_28
2016-06-20 12:34:22,632 [read-5] yncFactory.java:  96(                 getSyncObject)  DEBUG NTTCommonLogger - DocumentIDSyncFactory:store/store_oracle.jdbc.driver.T4CConnection_oracle.jdbc.driver.T4CConnection@5dbb107e_28de.ityx.mediatrix.data.Question_2874488_3566173_4721927_ITYX20160610092119349-IAE24901-0001-0001-0001-0001-0001-0001-0001-0001-0001-0001-0001-0001-0001-0001-0001-0001-0001-0001-0001-0001-0001-0001-0001-0001-0001-0001-0001-0001-0001-0001-0001
2016-06-20 12:34:22,632 [read-5] yncFactory.java: 114(                 getSyncObject)  DEBUG NTTCommonLogger - 28:Thread-5:DocumentIDSyncFactory:Object:store_oracle.jdbc.driver.T4CConnection_oracle.jdbc.driver.T4CConnection@5dbb107e_28de.ityx.mediatrix.data.Question_2874488_3566173_4721927_ITYX20160610092119349-IAE24901-0001-0001-0001-0001-0001-0001-0001-0001-0001-0001-0001-0001-0001-0001-0001-0001-0001-0001-0001-0001-0001-0001-0001-0001-0001-0001-0001-0001-0001-0001-0001
2016-06-20 12:34:23,882 [read-5] veMetaData.java: 288(               collectMetadata)  INFO  NTTCommonLogger - MDAMD.QStore1a Generated docid:ITYX20160610092119349-IAE24901-0001-0001-0001-0001-0001-0001-0001-0001-0001-0001-0001-0001-0001-0001-0001-0001-0001-0001-0001-0001-0001-0001-0001-0001-0001-0001-0001-0001-0001-0001-0001 frage:2874488
2016-06-20 12:34:23,897 [read-5] yncFactory.java:  89(                 getSyncObject)  INFO  NTTCommonLogger - DocumentIDSyncFactory:UnknownObject: store/oracle.jdbc.driver.T4CConnection
2016-06-20 12:34:23,897 [read-5] yncFactory.java:  96(                 getSyncObject)  DEBUG NTTCommonLogger - DocumentIDSyncFactory:store/store_oracle.jdbc.driver.T4CConnection_oracle.jdbc.driver.T4CConnection@5dbb107e_28
2016-06-20 12:34:23,897 [read-5] yncFactory.java:  96(                 getSyncObject)  DEBUG NTTCommonLogger - DocumentIDSyncFactory:store/store_oracle.jdbc.driver.T4CConnection_oracle.jdbc.driver.T4CConnection@5dbb107e_28de.ityx.mediatrix.data.Question_2874488_3566173_4721927_ITYX20160610092119349-IAE24901-0001-0001-0001-0001-0001-0001-0001-0001-0001-0001-0001-0001-0001-0001-0001-0001-0001-0001-0001-0001-0001-0001-0001-0001-0001-0001-0001-0001-0001-0001-0001
2016-06-20 12:34:23,897 [read-5] yncFactory.java:  96(                 getSyncObject)  DEBUG NTTCommonLogger - DocumentIDSyncFactory:store/store_oracle.jdbc.driver.T4CConnection_oracle.jdbc.driver.T4CConnection@5dbb107e_28de.ityx.mediatrix.data.Question_2874488_3566173_4721927_ITYX20160610092119349-IAE24901-0001-0001-0001-0001-0001-0001-0001-0001-0001-0001-0001-0001-0001-0001-0001-0001-0001-0001-0001-0001-0001-0001-0001-0001-0001-0001-0001-0001-0001-0001-0001store_java.lang.Boolean_false_28
2016-06-20 12:34:23,897 [read-5] yncFactory.java:  96(                 getSyncObject)  DEBUG NTTCommonLogger - DocumentIDSyncFactory:store/store_oracle.jdbc.driver.T4CConnection_oracle.jdbc.driver.T4CConnection@5dbb107e_28de.ityx.mediatrix.data.Question_2874488_3566173_4721927_ITYX20160610092119349-IAE24901-0001-0001-0001-0001-0001-0001-0001-0001-0001-0001-0001-0001-0001-0001-0001-0001-0001-0001-0001-0001-0001-0001-0001-0001-0001-0001-0001-0001-0001-0001-0001store_java.lang.Boolean_false_28store_java.lang.Long_1466422463882_28
2016-06-20 12:34:23,897 [read-5] yncFactory.java: 114(                 getSyncObject)  DEBUG NTTCommonLogger - 28:Thread-5:DocumentIDSyncFactory:Object:store_oracle.jdbc.driver.T4CConnection_oracle.jdbc.driver.T4CConnection@5dbb107e_28de.ityx.mediatrix.data.Question_2874488_3566173_4721927_ITYX20160610092119349-IAE24901-0001-0001-0001-0001-0001-0001-0001-0001-0001-0001-0001-0001-0001-0001-0001-0001-0001-0001-0001-0001-0001-0001-0001-0001-0001-0001-0001-0001-0001-0001-0001store_java.lang.Boolean_false_28store_java.lang.Long_1466422463882_28
2016-06-20 12:34:23,897 [read-5] yncFactory.java:  89(                 getSyncObject)  INFO  NTTCommonLogger - DocumentIDSyncFactory:UnknownObject: store/oracle.jdbc.driver.T4CConnection
2016-06-20 12:34:23,897 [read-5] yncFactory.java:  96(                 getSyncObject)  DEBUG NTTCommonLogger - DocumentIDSyncFactory:store/store_oracle.jdbc.driver.T4CConnection_oracle.jdbc.driver.T4CConnection@5dbb107e_28
2016-06-20 12:34:23,897 [read-5] yncFactory.java:  96(                 getSyncObject)  DEBUG NTTCommonLogger - DocumentIDSyncFactory:store/store_oracle.jdbc.driver.T4CConnection_oracle.jdbc.driver.T4CConnection@5dbb107e_28de.ityx.mediatrix.data.Question_2874488_3566173_4721927_ITYX20160610092119349-IAE24901-0001-0001-0001-0001-0001-0001-0001-0001-0001-0001-0001-0001-0001-0001-0001-0001-0001-0001-0001-0001-0001-0001-0001-0001-0001-0001-0001-0001-0001-0001-0001
2016-06-20 12:34:23,897 [read-5] yncFactory.java: 103(                 getSyncObject)  DEBUG NTTCommonLogger - DocumentIDSyncFactory:reusing: store/com.nttdata.de.sky.ityx.common.DocumentIDSyncFactory$MultiSyncObject id:store_oracle.jdbc.driver.T4CConnection_oracle.jdbc.driver.T4CConnection@5dbb107e_28de.ityx.mediatrix.data.Question_2874488_3566173_4721927_ITYX20160610092119349-IAE24901-0001-0001-0001-0001-0001-0001-0001-0001-0001-0001-0001-0001-0001-0001-0001-0001-0001-0001-0001-0001-0001-0001-0001-0001-0001-0001-0001-0001-0001-0001-0001
2016-06-20 12:35:27,354 [ead-11] veMetaData.java: 286(               collectMetadata)  INFO  NTTCommonLogger - MDAMD.QStore1 Generated docid:ITYX20160610092119349-IAE24901-0001-0001-0001-0001-0001-0001-0001-0001-0001-0001-0001-0001-0001-0001-0001-0001-0001-0001-0001-0001-0001-0001-0001-0001-0001-0001-0001-0001-0001-0001-0001-0001 frage:2874488
2016-06-20 12:35:27,354 [ead-11] yncFactory.java:  89(                 getSyncObject)  INFO  NTTCommonLogger - DocumentIDSyncFactory:UnknownObject: store/oracle.jdbc.driver.T4CConnection
2016-06-20 12:35:27,354 [ead-11] yncFactory.java:  96(                 getSyncObject)  DEBUG NTTCommonLogger - DocumentIDSyncFactory:store/store_oracle.jdbc.driver.T4CConnection_oracle.jdbc.driver.T4CConnection@4b8103a5_46
2016-06-20 12:35:27,354 [ead-11] yncFactory.java:  96(                 getSyncObject)  DEBUG NTTCommonLogger - DocumentIDSyncFactory:store/store_oracle.jdbc.driver.T4CConnection_oracle.jdbc.driver.T4CConnection@4b8103a5_46de.ityx.mediatrix.data.Question_2874488_3566173_4721927_ITYX20160610092119349-IAE24901-0001-0001-0001-0001-0001-0001-0001-0001-0001-0001-0001-0001-0001-0001-0001-0001-0001-0001-0001-0001-0001-0001-0001-0001-0001-0001-0001-0001-0001-0001-0001-0001
2016-06-20 12:35:27,354 [ead-11] yncFactory.java: 114(                 getSyncObject)  DEBUG NTTCommonLogger - 46:Thread-11:DocumentIDSyncFactory:Object:store_oracle.jdbc.driver.T4CConnection_oracle.jdbc.driver.T4CConnection@4b8103a5_46de.ityx.mediatrix.data.Question_2874488_3566173_4721927_ITYX20160610092119349-IAE24901-0001-0001-0001-0001-0001-0001-0001-0001-0001-0001-0001-0001-0001-0001-0001-0001-0001-0001-0001-0001-0001-0001-0001-0001-0001-0001-0001-0001-0001-0001-0001-0001
2016-06-20 12:35:27,901 [ead-11] veMetaData.java: 288(               collectMetadata)  INFO  NTTCommonLogger - MDAMD.QStore1a Generated docid:ITYX20160610092119349-IAE24901-0001-0001-0001-0001-0001-0001-0001-0001-0001-0001-0001-0001-0001-0001-0001-0001-0001-0001-0001-0001-0001-0001-0001-0001-0001-0001-0001-0001-0001-0001-0001-0001 frage:2874488
2016-06-20 12:35:27,901 [ead-11] yncFactory.java:  89(                 getSyncObject)  INFO  NTTCommonLogger - DocumentIDSyncFactory:UnknownObject: store/oracle.jdbc.driver.T4CConnection
2016-06-20 12:35:27,901 [ead-11] yncFactory.java:  96(                 getSyncObject)  DEBUG NTTCommonLogger - DocumentIDSyncFactory:store/store_oracle.jdbc.driver.T4CConnection_oracle.jdbc.driver.T4CConnection@4b8103a5_46
2016-06-20 12:35:27,901 [ead-11] yncFactory.java:  96(                 getSyncObject)  DEBUG NTTCommonLogger - DocumentIDSyncFactory:store/store_oracle.jdbc.driver.T4CConnection_oracle.jdbc.driver.T4CConnection@4b8103a5_46de.ityx.mediatrix.data.Question_2874488_3566173_4721927_ITYX20160610092119349-IAE24901-0001-0001-0001-0001-0001-0001-0001-0001-0001-0001-0001-0001-0001-0001-0001-0001-0001-0001-0001-0001-0001-0001-0001-0001-0001-0001-0001-0001-0001-0001-0001-0001
2016-06-20 12:35:27,901 [ead-11] yncFactory.java:  96(                 getSyncObject)  DEBUG NTTCommonLogger - DocumentIDSyncFactory:store/store_oracle.jdbc.driver.T4CConnection_oracle.jdbc.driver.T4CConnection@4b8103a5_46de.ityx.mediatrix.data.Question_2874488_3566173_4721927_ITYX20160610092119349-IAE24901-0001-0001-0001-0001-0001-0001-0001-0001-0001-0001-0001-0001-0001-0001-0001-0001-0001-0001-0001-0001-0001-0001-0001-0001-0001-0001-0001-0001-0001-0001-0001-0001store_java.lang.Boolean_false_46
2016-06-20 12:35:27,901 [ead-11] yncFactory.java:  96(                 getSyncObject)  DEBUG NTTCommonLogger - DocumentIDSyncFactory:store/store_oracle.jdbc.driver.T4CConnection_oracle.jdbc.driver.T4CConnection@4b8103a5_46de.ityx.mediatrix.data.Question_2874488_3566173_4721927_ITYX20160610092119349-IAE24901-0001-0001-0001-0001-0001-0001-0001-0001-0001-0001-0001-0001-0001-0001-0001-0001-0001-0001-0001-0001-0001-0001-0001-0001-0001-0001-0001-0001-0001-0001-0001-0001store_java.lang.Boolean_false_46store_java.lang.Long_1466422527901_46
2016-06-20 12:35:27,901 [ead-11] yncFactory.java: 114(                 getSyncObject)  DEBUG NTTCommonLogger - 46:Thread-11:DocumentIDSyncFactory:Object:store_oracle.jdbc.driver.T4CConnection_oracle.jdbc.driver.T4CConnection@4b8103a5_46de.ityx.mediatrix.data.Question_2874488_3566173_4721927_ITYX20160610092119349-IAE24901-0001-0001-0001-0001-0001-0001-0001-0001-0001-0001-0001-0001-0001-0001-0001-0001-0001-0001-0001-0001-0001-0001-0001-0001-0001-0001-0001-0001-0001-0001-0001-0001store_java.lang.Boolean_false_46store_java.lang.Long_1466422527901_46
2016-06-20 12:35:27,901 [ead-11] yncFactory.java:  89(                 getSyncObject)  INFO  NTTCommonLogger - DocumentIDSyncFactory:UnknownObject: store/oracle.jdbc.driver.T4CConnection
2016-06-20 12:35:27,901 [ead-11] yncFactory.java:  96(                 getSyncObject)  DEBUG NTTCommonLogger - DocumentIDSyncFactory:store/store_oracle.jdbc.driver.T4CConnection_oracle.jdbc.driver.T4CConnection@4b8103a5_46
2016-06-20 12:35:27,901 [ead-11] yncFactory.java:  96(                 getSyncObject)  DEBUG NTTCommonLogger - DocumentIDSyncFactory:store/store_oracle.jdbc.driver.T4CConnection_oracle.jdbc.driver.T4CConnection@4b8103a5_46de.ityx.mediatrix.data.Question_2874488_3566173_4721927_ITYX20160610092119349-IAE24901-0001-0001-0001-0001-0001-0001-0001-0001-0001-0001-0001-0001-0001-0001-0001-0001-0001-0001-0001-0001-0001-0001-0001-0001-0001-0001-0001-0001-0001-0001-0001-0001
2016-06-20 12:35:27,901 [ead-11] yncFactory.java: 103(                 getSyncObject)  DEBUG NTTCommonLogger - DocumentIDSyncFactory:reusing: store/com.nttdata.de.sky.ityx.common.DocumentIDSyncFactory$MultiSyncObject id:store_oracle.jdbc.driver.T4CConnection_oracle.jdbc.driver.T4CConnection@4b8103a5_46de.ityx.mediatrix.data.Question_2874488_3566173_4721927_ITYX20160610092119349-IAE24901-0001-0001-0001-0001-0001-0001-0001-0001-0001-0001-0001-0001-0001-0001-0001-0001-0001-0001-0001-0001-0001-0001-0001-0001-0001-0001-0001-0001-0001-0001-0001-0001
2016-06-20 12:37:56,427 [ead-17] veMetaData.java: 286(               collectMetadata)  INFO  NTTCommonLogger - MDAMD.QStore1 Generated docid:ITYX20160610092119349-IAE24901-0001-0001-0001-0001-0001-0001-0001-0001-0001-0001-0001-0001-0001-0001-0001-0001-0001-0001-0001-0001-0001-0001-0001-0001-0001-0001-0001-0001-0001-0001-0001-0001-0001-0001-0001 frage:2874488
2016-06-20 12:37:56,427 [ead-17] yncFactory.java:  89(                 getSyncObject)  INFO  NTTCommonLogger - DocumentIDSyncFactory:UnknownObject: store/oracle.jdbc.driver.T4CConnection
2016-06-20 12:37:56,427 [ead-17] yncFactory.java:  96(                 getSyncObject)  DEBUG NTTCommonLogger - DocumentIDSyncFactory:store/store_oracle.jdbc.driver.T4CConnection_oracle.jdbc.driver.T4CConnection@34c7cb38_54
2016-06-20 12:37:56,427 [ead-17] yncFactory.java:  96(                 getSyncObject)  DEBUG NTTCommonLogger - DocumentIDSyncFactory:store/store_oracle.jdbc.driver.T4CConnection_oracle.jdbc.driver.T4CConnection@34c7cb38_54de.ityx.mediatrix.data.Question_2874488_3566173_4721927_ITYX20160610092119349-IAE24901-0001-0001-0001-0001-0001-0001-0001-0001-0001-0001-0001-0001-0001-0001-0001-0001-0001-0001-0001-0001-0001-0001-0001-0001-0001-0001-0001-0001-0001-0001-0001-0001-0001-0001-0001
2016-06-20 12:37:56,427 [ead-17] yncFactory.java: 114(                 getSyncObject)  DEBUG NTTCommonLogger - 54:Thread-17:DocumentIDSyncFactory:Object:store_oracle.jdbc.driver.T4CConnection_oracle.jdbc.driver.T4CConnection@34c7cb38_54de.ityx.mediatrix.data.Question_2874488_3566173_4721927_ITYX20160610092119349-IAE24901-0001-0001-0001-0001-0001-0001-0001-0001-0001-0001-0001-0001-0001-0001-0001-0001-0001-0001-0001-0001-0001-0001-0001-0001-0001-0001-0001-0001-0001-0001-0001-0001-0001-0001-0001
2016-06-20 12:37:56,646 [ead-17] veMetaData.java: 288(               collectMetadata)  INFO  NTTCommonLogger - MDAMD.QStore1a Generated docid:ITYX20160610092119349-IAE24901-0001-0001-0001-0001-0001-0001-0001-0001-0001-0001-0001-0001-0001-0001-0001-0001-0001-0001-0001-0001-0001-0001-0001-0001-0001-0001-0001-0001-0001-0001-0001-0001-0001-0001-0001 frage:2874488
2016-06-20 12:37:56,646 [ead-17] yncFactory.java:  89(                 getSyncObject)  INFO  NTTCommonLogger - DocumentIDSyncFactory:UnknownObject: store/oracle.jdbc.driver.T4CConnection
2016-06-20 12:37:56,646 [ead-17] yncFactory.java:  96(                 getSyncObject)  DEBUG NTTCommonLogger - DocumentIDSyncFactory:store/store_oracle.jdbc.driver.T4CConnection_oracle.jdbc.driver.T4CConnection@34c7cb38_54
2016-06-20 12:37:56,646 [ead-17] yncFactory.java:  96(                 getSyncObject)  DEBUG NTTCommonLogger - DocumentIDSyncFactory:store/store_oracle.jdbc.driver.T4CConnection_oracle.jdbc.driver.T4CConnection@34c7cb38_54de.ityx.mediatrix.data.Question_2874488_3566173_4721927_ITYX20160610092119349-IAE24901-0001-0001-0001-0001-0001-0001-0001-0001-0001-0001-0001-0001-0001-0001-0001-0001-0001-0001-0001-0001-0001-0001-0001-0001-0001-0001-0001-0001-0001-0001-0001-0001-0001-0001-0001
2016-06-20 12:37:56,646 [ead-17] yncFactory.java:  96(                 getSyncObject)  DEBUG NTTCommonLogger - DocumentIDSyncFactory:store/store_oracle.jdbc.driver.T4CConnection_oracle.jdbc.driver.T4CConnection@34c7cb38_54de.ityx.mediatrix.data.Question_2874488_3566173_4721927_ITYX20160610092119349-IAE24901-0001-0001-0001-0001-0001-0001-0001-0001-0001-0001-0001-0001-0001-0001-0001-0001-0001-0001-0001-0001-0001-0001-0001-0001-0001-0001-0001-0001-0001-0001-0001-0001-0001-0001-0001store_java.lang.Boolean_false_54
2016-06-20 12:37:56,646 [ead-17] yncFactory.java:  96(                 getSyncObject)  DEBUG NTTCommonLogger - DocumentIDSyncFactory:store/store_oracle.jdbc.driver.T4CConnection_oracle.jdbc.driver.T4CConnection@34c7cb38_54de.ityx.mediatrix.data.Question_2874488_3566173_4721927_ITYX20160610092119349-IAE24901-0001-0001-0001-0001-0001-0001-0001-0001-0001-0001-0001-0001-0001-0001-0001-0001-0001-0001-0001-0001-0001-0001-0001-0001-0001-0001-0001-0001-0001-0001-0001-0001-0001-0001-0001store_java.lang.Boolean_false_54store_java.lang.Long_1466422676646_54
2016-06-20 12:37:56,646 [ead-17] yncFactory.java: 114(                 getSyncObject)  DEBUG NTTCommonLogger - 54:Thread-17:DocumentIDSyncFactory:Object:store_oracle.jdbc.driver.T4CConnection_oracle.jdbc.driver.T4CConnection@34c7cb38_54de.ityx.mediatrix.data.Question_2874488_3566173_4721927_ITYX20160610092119349-IAE24901-0001-0001-0001-0001-0001-0001-0001-0001-0001-0001-0001-0001-0001-0001-0001-0001-0001-0001-0001-0001-0001-0001-0001-0001-0001-0001-0001-0001-0001-0001-0001-0001-0001-0001-0001store_java.lang.Boolean_false_54store_java.lang.Long_1466422676646_54
2016-06-20 12:37:56,646 [ead-17] yncFactory.java:  89(                 getSyncObject)  INFO  NTTCommonLogger - DocumentIDSyncFactory:UnknownObject: store/oracle.jdbc.driver.T4CConnection
2016-06-20 12:37:56,646 [ead-17] yncFactory.java:  96(                 getSyncObject)  DEBUG NTTCommonLogger - DocumentIDSyncFactory:store/store_oracle.jdbc.driver.T4CConnection_oracle.jdbc.driver.T4CConnection@34c7cb38_54
2016-06-20 12:37:56,646 [ead-17] yncFactory.java:  96(                 getSyncObject)  DEBUG NTTCommonLogger - DocumentIDSyncFactory:store/store_oracle.jdbc.driver.T4CConnection_oracle.jdbc.driver.T4CConnection@34c7cb38_54de.ityx.mediatrix.data.Question_2874488_3566173_4721927_ITYX20160610092119349-IAE24901-0001-0001-0001-0001-0001-0001-0001-0001-0001-0001-0001-0001-0001-0001-0001-0001-0001-0001-0001-0001-0001-0001-0001-0001-0001-0001-0001-0001-0001-0001-0001-0001-0001-0001-0001
2016-06-20 12:37:56,646 [ead-17] yncFactory.java: 103(                 getSyncObject)  DEBUG NTTCommonLogger - DocumentIDSyncFactory:reusing: store/com.nttdata.de.sky.ityx.common.DocumentIDSyncFactory$MultiSyncObject id:store_oracle.jdbc.driver.T4CConnection_oracle.jdbc.driver.T4CConnection@34c7cb38_54de.ityx.mediatrix.data.Question_2874488_3566173_4721927_ITYX20160610092119349-IAE24901-0001-0001-0001-0001-0001-0001-0001-0001-0001-0001-0001-0001-0001-0001-0001-0001-0001-0001-0001-0001-0001-0001-0001-0001-0001-0001-0001-0001-0001-0001-0001-0001-0001-0001-0001
2016-06-20 12:41:54,501 [ead-19] veMetaData.java: 286(               collectMetadata)  INFO  NTTCommonLogger - MDAMD.QStore1 Generated docid:ITYX20160610092119349-IAE24901-0001-0001-0001-0001-0001-0001-0001-0001-0001-0001-0001-0001-0001-0001-0001-0001-0001-0001-0001-0001-0001-0001-0001-0001-0001-0001-0001-0001-0001-0001-0001-0001-0001-0001-0001-0001 frage:2874488
2016-06-20 12:41:54,501 [ead-19] yncFactory.java:  89(                 getSyncObject)  INFO  NTTCommonLogger - DocumentIDSyncFactory:UnknownObject: store/oracle.jdbc.driver.T4CConnection
2016-06-20 12:41:54,501 [ead-19] yncFactory.java:  96(                 getSyncObject)  DEBUG NTTCommonLogger - DocumentIDSyncFactory:store/store_oracle.jdbc.driver.T4CConnection_oracle.jdbc.driver.T4CConnection@773be335_60
2016-06-20 12:41:54,501 [ead-19] yncFactory.java:  96(                 getSyncObject)  DEBUG NTTCommonLogger - DocumentIDSyncFactory:store/store_oracle.jdbc.driver.T4CConnection_oracle.jdbc.driver.T4CConnection@773be335_60de.ityx.mediatrix.data.Question_2874488_3566173_4721927_ITYX20160610092119349-IAE24901-0001-0001-0001-0001-0001-0001-0001-0001-0001-0001-0001-0001-0001-0001-0001-0001-0001-0001-0001-0001-0001-0001-0001-0001-0001-0001-0001-0001-0001-0001-0001-0001-0001-0001-0001-0001
2016-06-20 12:41:54,501 [ead-19] yncFactory.java: 114(                 getSyncObject)  DEBUG NTTCommonLogger - 60:Thread-19:DocumentIDSyncFactory:Object:store_oracle.jdbc.driver.T4CConnection_oracle.jdbc.driver.T4CConnection@773be335_60de.ityx.mediatrix.data.Question_2874488_3566173_4721927_ITYX20160610092119349-IAE24901-0001-0001-0001-0001-0001-0001-0001-0001-0001-0001-0001-0001-0001-0001-0001-0001-0001-0001-0001-0001-0001-0001-0001-0001-0001-0001-0001-0001-0001-0001-0001-0001-0001-0001-0001-0001
2016-06-20 12:41:54,673 [ead-19] veMetaData.java: 288(               collectMetadata)  INFO  NTTCommonLogger - MDAMD.QStore1a Generated docid:ITYX20160610092119349-IAE24901-0001-0001-0001-0001-0001-0001-0001-0001-0001-0001-0001-0001-0001-0001-0001-0001-0001-0001-0001-0001-0001-0001-0001-0001-0001-0001-0001-0001-0001-0001-0001-0001-0001-0001-0001-0001 frage:2874488
2016-06-20 12:41:54,673 [ead-19] yncFactory.java:  89(                 getSyncObject)  INFO  NTTCommonLogger - DocumentIDSyncFactory:UnknownObject: store/oracle.jdbc.driver.T4CConnection
2016-06-20 12:41:54,673 [ead-19] yncFactory.java:  96(                 getSyncObject)  DEBUG NTTCommonLogger - DocumentIDSyncFactory:store/store_oracle.jdbc.driver.T4CConnection_oracle.jdbc.driver.T4CConnection@773be335_60
2016-06-20 12:41:54,673 [ead-19] yncFactory.java:  96(                 getSyncObject)  DEBUG NTTCommonLogger - DocumentIDSyncFactory:store/store_oracle.jdbc.driver.T4CConnection_oracle.jdbc.driver.T4CConnection@773be335_60de.ityx.mediatrix.data.Question_2874488_3566173_4721927_ITYX20160610092119349-IAE24901-0001-0001-0001-0001-0001-0001-0001-0001-0001-0001-0001-0001-0001-0001-0001-0001-0001-0001-0001-0001-0001-0001-0001-0001-0001-0001-0001-0001-0001-0001-0001-0001-0001-0001-0001-0001
2016-06-20 12:41:54,673 [ead-19] yncFactory.java:  96(                 getSyncObject)  DEBUG NTTCommonLogger - DocumentIDSyncFactory:store/store_oracle.jdbc.driver.T4CConnection_oracle.jdbc.driver.T4CConnection@773be335_60de.ityx.mediatrix.data.Question_2874488_3566173_4721927_ITYX20160610092119349-IAE24901-0001-0001-0001-0001-0001-0001-0001-0001-0001-0001-0001-0001-0001-0001-0001-0001-0001-0001-0001-0001-0001-0001-0001-0001-0001-0001-0001-0001-0001-0001-0001-0001-0001-0001-0001-0001store_java.lang.Boolean_false_60
2016-06-20 12:41:54,673 [ead-19] yncFactory.java:  96(                 getSyncObject)  DEBUG NTTCommonLogger - DocumentIDSyncFactory:store/store_oracle.jdbc.driver.T4CConnection_oracle.jdbc.driver.T4CConnection@773be335_60de.ityx.mediatrix.data.Question_2874488_3566173_4721927_ITYX20160610092119349-IAE24901-0001-0001-0001-0001-0001-0001-0001-0001-0001-0001-0001-0001-0001-0001-0001-0001-0001-0001-0001-0001-0001-0001-0001-0001-0001-0001-0001-0001-0001-0001-0001-0001-0001-0001-0001-0001store_java.lang.Boolean_false_60store_java.lang.Long_1466422914673_60
2016-06-20 12:41:54,673 [ead-19] yncFactory.java: 114(                 getSyncObject)  DEBUG NTTCommonLogger - 60:Thread-19:DocumentIDSyncFactory:Object:store_oracle.jdbc.driver.T4CConnection_oracle.jdbc.driver.T4CConnection@773be335_60de.ityx.mediatrix.data.Question_2874488_3566173_4721927_ITYX20160610092119349-IAE24901-0001-0001-0001-0001-0001-0001-0001-0001-0001-0001-0001-0001-0001-0001-0001-0001-0001-0001-0001-0001-0001-0001-0001-0001-0001-0001-0001-0001-0001-0001-0001-0001-0001-0001-0001-0001store_java.lang.Boolean_false_60store_java.lang.Long_1466422914673_60
2016-06-20 12:41:54,673 [ead-19] yncFactory.java:  89(                 getSyncObject)  INFO  NTTCommonLogger - DocumentIDSyncFactory:UnknownObject: store/oracle.jdbc.driver.T4CConnection
2016-06-20 12:41:54,673 [ead-19] yncFactory.java:  96(                 getSyncObject)  DEBUG NTTCommonLogger - DocumentIDSyncFactory:store/store_oracle.jdbc.driver.T4CConnection_oracle.jdbc.driver.T4CConnection@773be335_60
2016-06-20 12:41:54,673 [ead-19] yncFactory.java:  96(                 getSyncObject)  DEBUG NTTCommonLogger - DocumentIDSyncFactory:store/store_oracle.jdbc.driver.T4CConnection_oracle.jdbc.driver.T4CConnection@773be335_60de.ityx.mediatrix.data.Question_2874488_3566173_4721927_ITYX20160610092119349-IAE24901-0001-0001-0001-0001-0001-0001-0001-0001-0001-0001-0001-0001-0001-0001-0001-0001-0001-0001-0001-0001-0001-0001-0001-0001-0001-0001-0001-0001-0001-0001-0001-0001-0001-0001-0001-0001
2016-06-20 12:41:54,673 [ead-19] yncFactory.java: 103(                 getSyncObject)  DEBUG NTTCommonLogger - DocumentIDSyncFactory:reusing: store/com.nttdata.de.sky.ityx.common.DocumentIDSyncFactory$MultiSyncObject id:store_oracle.jdbc.driver.T4CConnection_oracle.jdbc.driver.T4CConnection@773be335_60de.ityx.mediatrix.data.Question_2874488_3566173_4721927_ITYX20160610092119349-IAE24901-0001-0001-0001-0001-0001-0001-0001-0001-0001-0001-0001-0001-0001-0001-0001-0001-0001-0001-0001-0001-0001-0001-0001-0001-0001-0001-0001-0001-0001-0001-0001-0001-0001-0001-0001-0001
2016-06-20 12:42:48,561 [read-5] veMetaData.java: 286(               collectMetadata)  INFO  NTTCommonLogger - MDAMD.QStore1 Generated docid:ITYX20160610092119349-IAE24901-0001-0001-0001-0001-0001-0001-0001-0001-0001-0001-0001-0001-0001-0001-0001-0001-0001-0001-0001-0001-0001-0001-0001-0001-0001-0001-0001-0001-0001-0001-0001-0001-0001-0001-0001-0001-0001 frage:2874488
2016-06-20 12:42:48,577 [read-5] yncFactory.java:  89(                 getSyncObject)  INFO  NTTCommonLogger - DocumentIDSyncFactory:UnknownObject: store/oracle.jdbc.driver.T4CConnection
2016-06-20 12:42:48,577 [read-5] yncFactory.java:  96(                 getSyncObject)  DEBUG NTTCommonLogger - DocumentIDSyncFactory:store/store_oracle.jdbc.driver.T4CConnection_oracle.jdbc.driver.T4CConnection@3693dbd1_29
2016-06-20 12:42:48,577 [read-5] yncFactory.java:  96(                 getSyncObject)  DEBUG NTTCommonLogger - DocumentIDSyncFactory:store/store_oracle.jdbc.driver.T4CConnection_oracle.jdbc.driver.T4CConnection@3693dbd1_29de.ityx.mediatrix.data.Question_2874488_3566173_4721927_ITYX20160610092119349-IAE24901-0001-0001-0001-0001-0001-0001-0001-0001-0001-0001-0001-0001-0001-0001-0001-0001-0001-0001-0001-0001-0001-0001-0001-0001-0001-0001-0001-0001-0001-0001-0001-0001-0001-0001-0001-0001-0001
2016-06-20 12:42:48,577 [read-5] yncFactory.java: 114(                 getSyncObject)  DEBUG NTTCommonLogger - 29:Thread-5:DocumentIDSyncFactory:Object:store_oracle.jdbc.driver.T4CConnection_oracle.jdbc.driver.T4CConnection@3693dbd1_29de.ityx.mediatrix.data.Question_2874488_3566173_4721927_ITYX20160610092119349-IAE24901-0001-0001-0001-0001-0001-0001-0001-0001-0001-0001-0001-0001-0001-0001-0001-0001-0001-0001-0001-0001-0001-0001-0001-0001-0001-0001-0001-0001-0001-0001-0001-0001-0001-0001-0001-0001-0001
2016-06-20 12:42:49,733 [read-5] veMetaData.java: 288(               collectMetadata)  INFO  NTTCommonLogger - MDAMD.QStore1a Generated docid:ITYX20160610092119349-IAE24901-0001-0001-0001-0001-0001-0001-0001-0001-0001-0001-0001-0001-0001-0001-0001-0001-0001-0001-0001-0001-0001-0001-0001-0001-0001-0001-0001-0001-0001-0001-0001-0001-0001-0001-0001-0001-0001 frage:2874488
2016-06-20 12:42:49,733 [read-5] yncFactory.java:  89(                 getSyncObject)  INFO  NTTCommonLogger - DocumentIDSyncFactory:UnknownObject: store/oracle.jdbc.driver.T4CConnection
2016-06-20 12:42:49,733 [read-5] yncFactory.java:  96(                 getSyncObject)  DEBUG NTTCommonLogger - DocumentIDSyncFactory:store/store_oracle.jdbc.driver.T4CConnection_oracle.jdbc.driver.T4CConnection@3693dbd1_29
2016-06-20 12:42:49,733 [read-5] yncFactory.java:  96(                 getSyncObject)  DEBUG NTTCommonLogger - DocumentIDSyncFactory:store/store_oracle.jdbc.driver.T4CConnection_oracle.jdbc.driver.T4CConnection@3693dbd1_29de.ityx.mediatrix.data.Question_2874488_3566173_4721927_ITYX20160610092119349-IAE24901-0001-0001-0001-0001-0001-0001-0001-0001-0001-0001-0001-0001-0001-0001-0001-0001-0001-0001-0001-0001-0001-0001-0001-0001-0001-0001-0001-0001-0001-0001-0001-0001-0001-0001-0001-0001-0001
2016-06-20 12:42:49,733 [read-5] yncFactory.java:  96(                 getSyncObject)  DEBUG NTTCommonLogger - DocumentIDSyncFactory:store/store_oracle.jdbc.driver.T4CConnection_oracle.jdbc.driver.T4CConnection@3693dbd1_29de.ityx.mediatrix.data.Question_2874488_3566173_4721927_ITYX20160610092119349-IAE24901-0001-0001-0001-0001-0001-0001-0001-0001-0001-0001-0001-0001-0001-0001-0001-0001-0001-0001-0001-0001-0001-0001-0001-0001-0001-0001-0001-0001-0001-0001-0001-0001-0001-0001-0001-0001-0001store_java.lang.Boolean_false_29
2016-06-20 12:42:49,733 [read-5] yncFactory.java:  96(                 getSyncObject)  DEBUG NTTCommonLogger - DocumentIDSyncFactory:store/store_oracle.jdbc.driver.T4CConnection_oracle.jdbc.driver.T4CConnection@3693dbd1_29de.ityx.mediatrix.data.Question_2874488_3566173_4721927_ITYX20160610092119349-IAE24901-0001-0001-0001-0001-0001-0001-0001-0001-0001-0001-0001-0001-0001-0001-0001-0001-0001-0001-0001-0001-0001-0001-0001-0001-0001-0001-0001-0001-0001-0001-0001-0001-0001-0001-0001-0001-0001store_java.lang.Boolean_false_29store_java.lang.Long_1466422969733_29
2016-06-20 12:42:49,733 [read-5] yncFactory.java: 114(                 getSyncObject)  DEBUG NTTCommonLogger - 29:Thread-5:DocumentIDSyncFactory:Object:store_oracle.jdbc.driver.T4CConnection_oracle.jdbc.driver.T4CConnection@3693dbd1_29de.ityx.mediatrix.data.Question_2874488_3566173_4721927_ITYX20160610092119349-IAE24901-0001-0001-0001-0001-0001-0001-0001-0001-0001-0001-0001-0001-0001-0001-0001-0001-0001-0001-0001-0001-0001-0001-0001-0001-0001-0001-0001-0001-0001-0001-0001-0001-0001-0001-0001-0001-0001store_java.lang.Boolean_false_29store_java.lang.Long_1466422969733_29
2016-06-20 12:42:49,733 [read-5] yncFactory.java:  89(                 getSyncObject)  INFO  NTTCommonLogger - DocumentIDSyncFactory:UnknownObject: store/oracle.jdbc.driver.T4CConnection
2016-06-20 12:42:49,733 [read-5] yncFactory.java:  96(                 getSyncObject)  DEBUG NTTCommonLogger - DocumentIDSyncFactory:store/store_oracle.jdbc.driver.T4CConnection_oracle.jdbc.driver.T4CConnection@3693dbd1_29
2016-06-20 12:42:49,733 [read-5] yncFactory.java:  96(                 getSyncObject)  DEBUG NTTCommonLogger - DocumentIDSyncFactory:store/store_oracle.jdbc.driver.T4CConnection_oracle.jdbc.driver.T4CConnection@3693dbd1_29de.ityx.mediatrix.data.Question_2874488_3566173_4721927_ITYX20160610092119349-IAE24901-0001-0001-0001-0001-0001-0001-0001-0001-0001-0001-0001-0001-0001-0001-0001-0001-0001-0001-0001-0001-0001-0001-0001-0001-0001-0001-0001-0001-0001-0001-0001-0001-0001-0001-0001-0001-0001
2016-06-20 12:42:49,733 [read-5] yncFactory.java: 103(                 getSyncObject)  DEBUG NTTCommonLogger - DocumentIDSyncFactory:reusing: store/com.nttdata.de.sky.ityx.common.DocumentIDSyncFactory$MultiSyncObject id:store_oracle.jdbc.driver.T4CConnection_oracle.jdbc.driver.T4CConnection@3693dbd1_29de.ityx.mediatrix.data.Question_2874488_3566173_4721927_ITYX20160610092119349-IAE24901-0001-0001-0001-0001-0001-0001-0001-0001-0001-0001-0001-0001-0001-0001-0001-0001-0001-0001-0001-0001-0001-0001-0001-0001-0001-0001-0001-0001-0001-0001-0001-0001-0001-0001-0001-0001-0001
2016-06-20 12:45:48,799 [ead-10] veMetaData.java: 286(               collectMetadata)  INFO  NTTCommonLogger - MDAMD.QStore1 Generated docid:ITYX20160610092119349-IAE24901-0001-0001-0001-0001-0001-0001-0001-0001-0001-0001-0001-0001-0001-0001-0001-0001-0001-0001-0001-0001-0001-0001-0001-0001-0001-0001-0001-0001-0001-0001-0001-0001-0001-0001-0001-0001-0001-0001 frage:2874488
2016-06-20 12:45:48,799 [ead-10] yncFactory.java:  89(                 getSyncObject)  INFO  NTTCommonLogger - DocumentIDSyncFactory:UnknownObject: store/oracle.jdbc.driver.T4CConnection
2016-06-20 12:45:48,799 [ead-10] yncFactory.java:  96(                 getSyncObject)  DEBUG NTTCommonLogger - DocumentIDSyncFactory:store/store_oracle.jdbc.driver.T4CConnection_oracle.jdbc.driver.T4CConnection@d98355_38
2016-06-20 12:45:48,799 [ead-10] yncFactory.java:  96(                 getSyncObject)  DEBUG NTTCommonLogger - DocumentIDSyncFactory:store/store_oracle.jdbc.driver.T4CConnection_oracle.jdbc.driver.T4CConnection@d98355_38de.ityx.mediatrix.data.Question_2874488_3566173_4721927_ITYX20160610092119349-IAE24901-0001-0001-0001-0001-0001-0001-0001-0001-0001-0001-0001-0001-0001-0001-0001-0001-0001-0001-0001-0001-0001-0001-0001-0001-0001-0001-0001-0001-0001-0001-0001-0001-0001-0001-0001-0001-0001-0001
2016-06-20 12:45:48,799 [ead-10] yncFactory.java: 114(                 getSyncObject)  DEBUG NTTCommonLogger - 38:Thread-10:DocumentIDSyncFactory:Object:store_oracle.jdbc.driver.T4CConnection_oracle.jdbc.driver.T4CConnection@d98355_38de.ityx.mediatrix.data.Question_2874488_3566173_4721927_ITYX20160610092119349-IAE24901-0001-0001-0001-0001-0001-0001-0001-0001-0001-0001-0001-0001-0001-0001-0001-0001-0001-0001-0001-0001-0001-0001-0001-0001-0001-0001-0001-0001-0001-0001-0001-0001-0001-0001-0001-0001-0001-0001
2016-06-20 12:45:49,064 [ead-10] veMetaData.java: 288(               collectMetadata)  INFO  NTTCommonLogger - MDAMD.QStore1a Generated docid:ITYX20160610092119349-IAE24901-0001-0001-0001-0001-0001-0001-0001-0001-0001-0001-0001-0001-0001-0001-0001-0001-0001-0001-0001-0001-0001-0001-0001-0001-0001-0001-0001-0001-0001-0001-0001-0001-0001-0001-0001-0001-0001-0001 frage:2874488
2016-06-20 12:45:49,064 [ead-10] yncFactory.java:  89(                 getSyncObject)  INFO  NTTCommonLogger - DocumentIDSyncFactory:UnknownObject: store/oracle.jdbc.driver.T4CConnection
2016-06-20 12:45:49,064 [ead-10] yncFactory.java:  96(                 getSyncObject)  DEBUG NTTCommonLogger - DocumentIDSyncFactory:store/store_oracle.jdbc.driver.T4CConnection_oracle.jdbc.driver.T4CConnection@d98355_38
2016-06-20 12:45:49,064 [ead-10] yncFactory.java:  96(                 getSyncObject)  DEBUG NTTCommonLogger - DocumentIDSyncFactory:store/store_oracle.jdbc.driver.T4CConnection_oracle.jdbc.driver.T4CConnection@d98355_38de.ityx.mediatrix.data.Question_2874488_3566173_4721927_ITYX20160610092119349-IAE24901-0001-0001-0001-0001-0001-0001-0001-0001-0001-0001-0001-0001-0001-0001-0001-0001-0001-0001-0001-0001-0001-0001-0001-0001-0001-0001-0001-0001-0001-0001-0001-0001-0001-0001-0001-0001-0001-0001
2016-06-20 12:45:49,064 [ead-10] yncFactory.java:  96(                 getSyncObject)  DEBUG NTTCommonLogger - DocumentIDSyncFactory:store/store_oracle.jdbc.driver.T4CConnection_oracle.jdbc.driver.T4CConnection@d98355_38de.ityx.mediatrix.data.Question_2874488_3566173_4721927_ITYX20160610092119349-IAE24901-0001-0001-0001-0001-0001-0001-0001-0001-0001-0001-0001-0001-0001-0001-0001-0001-0001-0001-0001-0001-0001-0001-0001-0001-0001-0001-0001-0001-0001-0001-0001-0001-0001-0001-0001-0001-0001-0001store_java.lang.Boolean_false_38
2016-06-20 12:45:49,064 [ead-10] yncFactory.java:  96(                 getSyncObject)  DEBUG NTTCommonLogger - DocumentIDSyncFactory:store/store_oracle.jdbc.driver.T4CConnection_oracle.jdbc.driver.T4CConnection@d98355_38de.ityx.mediatrix.data.Question_2874488_3566173_4721927_ITYX20160610092119349-IAE24901-0001-0001-0001-0001-0001-0001-0001-0001-0001-0001-0001-0001-0001-0001-0001-0001-0001-0001-0001-0001-0001-0001-0001-0001-0001-0001-0001-0001-0001-0001-0001-0001-0001-0001-0001-0001-0001-0001store_java.lang.Boolean_false_38store_java.lang.Long_1466423149064_38
2016-06-20 12:45:49,064 [ead-10] yncFactory.java: 114(                 getSyncObject)  DEBUG NTTCommonLogger - 38:Thread-10:DocumentIDSyncFactory:Object:store_oracle.jdbc.driver.T4CConnection_oracle.jdbc.driver.T4CConnection@d98355_38de.ityx.mediatrix.data.Question_2874488_3566173_4721927_ITYX20160610092119349-IAE24901-0001-0001-0001-0001-0001-0001-0001-0001-0001-0001-0001-0001-0001-0001-0001-0001-0001-0001-0001-0001-0001-0001-0001-0001-0001-0001-0001-0001-0001-0001-0001-0001-0001-0001-0001-0001-0001-0001store_java.lang.Boolean_false_38store_java.lang.Long_1466423149064_38
2016-06-20 12:45:49,064 [ead-10] yncFactory.java:  89(                 getSyncObject)  INFO  NTTCommonLogger - DocumentIDSyncFactory:UnknownObject: store/oracle.jdbc.driver.T4CConnection
2016-06-20 12:45:49,064 [ead-10] yncFactory.java:  96(                 getSyncObject)  DEBUG NTTCommonLogger - DocumentIDSyncFactory:store/store_oracle.jdbc.driver.T4CConnection_oracle.jdbc.driver.T4CConnection@d98355_38
2016-06-20 12:45:49,064 [ead-10] yncFactory.java:  96(                 getSyncObject)  DEBUG NTTCommonLogger - DocumentIDSyncFactory:store/store_oracle.jdbc.driver.T4CConnection_oracle.jdbc.driver.T4CConnection@d98355_38de.ityx.mediatrix.data.Question_2874488_3566173_4721927_ITYX20160610092119349-IAE24901-0001-0001-0001-0001-0001-0001-0001-0001-0001-0001-0001-0001-0001-0001-0001-0001-0001-0001-0001-0001-0001-0001-0001-0001-0001-0001-0001-0001-0001-0001-0001-0001-0001-0001-0001-0001-0001-0001
2016-06-20 12:45:49,064 [ead-10] yncFactory.java: 103(                 getSyncObject)  DEBUG NTTCommonLogger - DocumentIDSyncFactory:reusing: store/com.nttdata.de.sky.ityx.common.DocumentIDSyncFactory$MultiSyncObject id:store_oracle.jdbc.driver.T4CConnection_oracle.jdbc.driver.T4CConnection@d98355_38de.ityx.mediatrix.data.Question_2874488_3566173_4721927_ITYX20160610092119349-IAE24901-0001-0001-0001-0001-0001-0001-0001-0001-0001-0001-0001-0001-0001-0001-0001-0001-0001-0001-0001-0001-0001-0001-0001-0001-0001-0001-0001-0001-0001-0001-0001-0001-0001-0001-0001-0001-0001-0001
